# JRE version: Java(TM) SE Runtime Environment (8.0_201-b09) (build 1.8.0_201-b09)
# Java VM: Java HotSpot(TM) 64-Bit Server VM (25.201-b09 mixed mode windows-amd64 compressed oops)
Heap:
 PSYoungGen      total 72704K, used 19274K [0x00000000eb400000, 0x00000000f4200000, 0x0000000100000000)
  eden space 65536K, 29% used [0x00000000eb400000,0x00000000ec6d2878,0x00000000ef400000)
  from space 7168K, 0% used [0x00000000ef400000,0x00000000ef400000,0x00000000efb00000)
  to   space 7168K, 0% used [0x00000000f3b00000,0x00000000f3b00000,0x00000000f4200000)
 ParOldGen       total 30720K, used 5649K [0x00000000c1c00000, 0x00000000c3a00000, 0x00000000eb400000)
  object space 30720K, 18% used [0x00000000c1c00000,0x00000000c2184600,0x00000000c3a00000)
 Metaspace       used 21896K, capacity 22462K, committed 22656K, reserved 1069056K
  class space    used 2757K, capacity 2922K, committed 2944K, reserved 1048576K
GC Heap History (10 events):
Event: 21.007 GC heap before
{Heap before GC invocations=4 (full 0):
 PSYoungGen      total 18944K, used 18899K [0x00000000eb400000, 0x00000000ed900000, 0x0000000100000000)
  eden space 16384K, 99% used [0x00000000eb400000,0x00000000ec3f8438,0x00000000ec400000)
  from space 2560K, 99% used [0x00000000ec400000,0x00000000ec67c818,0x00000000ec680000)
  to   space 2560K, 0% used [0x00000000ed680000,0x00000000ed680000,0x00000000ed900000)
 ParOldGen       total 44032K, used 3994K [0x00000000c1c00000, 0x00000000c4700000, 0x00000000eb400000)
  object space 44032K, 9% used [0x00000000c1c00000,0x00000000c1fe6a20,0x00000000c4700000)
 Metaspace       used 14443K, capacity 14846K, committed 15104K, reserved 1062912K
  class space    used 1891K, capacity 2028K, committed 2048K, reserved 1048576K
Event: 21.104 GC heap after
Heap after GC invocations=4 (full 0):
 PSYoungGen      total 35328K, used 2543K [0x00000000eb400000, 0x00000000ed900000, 0x0000000100000000)
  eden space 32768K, 0% used [0x00000000eb400000,0x00000000eb400000,0x00000000ed400000)
  from space 2560K, 99% used [0x00000000ed680000,0x00000000ed8fbfd8,0x00000000ed900000)
  to   space 2560K, 0% used [0x00000000ed400000,0x00000000ed400000,0x00000000ed680000)
 ParOldGen       total 44032K, used 6033K [0x00000000c1c00000, 0x00000000c4700000, 0x00000000eb400000)
  object space 44032K, 13% used [0x00000000c1c00000,0x00000000c21e4498,0x00000000c4700000)
 Metaspace       used 14443K, capacity 14846K, committed 15104K, reserved 1062912K
  class space    used 1891K, capacity 2028K, committed 2048K, reserved 1048576K
}
Event: 24.615 GC heap before
{Heap before GC invocations=5 (full 0):
 PSYoungGen      total 35328K, used 35299K [0x00000000eb400000, 0x00000000ed900000, 0x0000000100000000)
  eden space 32768K, 99% used [0x00000000eb400000,0x00000000ed3fccf0,0x00000000ed400000)
  from space 2560K, 99% used [0x00000000ed680000,0x00000000ed8fbfd8,0x00000000ed900000)
  to   space 2560K, 0% used [0x00000000ed400000,0x00000000ed400000,0x00000000ed680000)
 ParOldGen       total 44032K, used 6033K [0x00000000c1c00000, 0x00000000c4700000, 0x00000000eb400000)
  object space 44032K, 13% used [0x00000000c1c00000,0x00000000c21e4498,0x00000000c4700000)
 Metaspace       used 19200K, capacity 19732K, committed 20096K, reserved 1067008K
  class space    used 2433K, capacity 2585K, committed 2688K, reserved 1048576K
Event: 24.843 GC heap after
Heap after GC invocations=5 (full 0):
 PSYoungGen      total 35328K, used 2544K [0x00000000eb400000, 0x00000000f0200000, 0x0000000100000000)
  eden space 32768K, 0% used [0x00000000eb400000,0x00000000eb400000,0x00000000ed400000)
  from space 2560K, 99% used [0x00000000ed400000,0x00000000ed67c010,0x00000000ed680000)
  to   space 7168K, 0% used [0x00000000efb00000,0x00000000efb00000,0x00000000f0200000)
 ParOldGen       total 44032K, used 10368K [0x00000000c1c00000, 0x00000000c4700000, 0x00000000eb400000)
  object space 44032K, 23% used [0x00000000c1c00000,0x00000000c26202f8,0x00000000c4700000)
 Metaspace       used 19200K, capacity 19732K, committed 20096K, reserved 1067008K
  class space    used 2433K, capacity 2585K, committed 2688K, reserved 1048576K
}
Event: 26.305 GC heap before
{Heap before GC invocations=6 (full 0):
 PSYoungGen      total 35328K, used 35312K [0x00000000eb400000, 0x00000000f0200000, 0x0000000100000000)
  eden space 32768K, 100% used [0x00000000eb400000,0x00000000ed400000,0x00000000ed400000)
  from space 2560K, 99% used [0x00000000ed400000,0x00000000ed67c010,0x00000000ed680000)
  to   space 7168K, 0% used [0x00000000efb00000,0x00000000efb00000,0x00000000f0200000)
 ParOldGen       total 44032K, used 10368K [0x00000000c1c00000, 0x00000000c4700000, 0x00000000eb400000)
  object space 44032K, 23% used [0x00000000c1c00000,0x00000000c26202f8,0x00000000c4700000)
 Metaspace       used 19886K, capacity 20340K, committed 20608K, reserved 1067008K
  class space    used 2533K, capacity 2681K, committed 2688K, reserved 1048576K
Event: 26.362 GC heap after
Heap after GC invocations=6 (full 0):
 PSYoungGen      total 72704K, used 3731K [0x00000000eb400000, 0x00000000f0200000, 0x0000000100000000)
  eden space 65536K, 0% used [0x00000000eb400000,0x00000000eb400000,0x00000000ef400000)
  from space 7168K, 52% used [0x00000000efb00000,0x00000000efea4e40,0x00000000f0200000)
  to   space 7168K, 0% used [0x00000000ef400000,0x00000000ef400000,0x00000000efb00000)
 ParOldGen       total 44032K, used 10368K [0x00000000c1c00000, 0x00000000c4700000, 0x00000000eb400000)
  object space 44032K, 23% used [0x00000000c1c00000,0x00000000c26202f8,0x00000000c4700000)
 Metaspace       used 19886K, capacity 20340K, committed 20608K, reserved 1067008K
  class space    used 2533K, capacity 2681K, committed 2688K, reserved 1048576K
}
Event: 28.449 GC heap before
{Heap before GC invocations=7 (full 0):
 PSYoungGen      total 72704K, used 12597K [0x00000000eb400000, 0x00000000f0200000, 0x0000000100000000)
  eden space 65536K, 13% used [0x00000000eb400000,0x00000000ebca8760,0x00000000ef400000)
  from space 7168K, 52% used [0x00000000efb00000,0x00000000efea4e40,0x00000000f0200000)
  to   space 7168K, 0% used [0x00000000ef400000,0x00000000ef400000,0x00000000efb00000)
 ParOldGen       total 44032K, used 10368K [0x00000000c1c00000, 0x00000000c4700000, 0x00000000eb400000)
  object space 44032K, 23% used [0x00000000c1c00000,0x00000000c26202f8,0x00000000c4700000)
 Metaspace       used 20650K, capacity 21154K, committed 21248K, reserved 1067008K
  class space    used 2639K, capacity 2806K, committed 2816K, reserved 1048576K
Event: 28.733 GC heap after
Heap after GC invocations=7 (full 0):
 PSYoungGen      total 72704K, used 3005K [0x00000000eb400000, 0x00000000f4200000, 0x0000000100000000)
  eden space 65536K, 0% used [0x00000000eb400000,0x00000000eb400000,0x00000000ef400000)
  from space 7168K, 41% used [0x00000000ef400000,0x00000000ef6ef700,0x00000000efb00000)
  to   space 7168K, 0% used [0x00000000f3b00000,0x00000000f3b00000,0x00000000f4200000)
 ParOldGen       total 44032K, used 11492K [0x00000000c1c00000, 0x00000000c4700000, 0x00000000eb400000)
  object space 44032K, 26% used [0x00000000c1c00000,0x00000000c2739368,0x00000000c4700000)
 Metaspace       used 20650K, capacity 21154K, committed 21248K, reserved 1067008K
  class space    used 2639K, capacity 2806K, committed 2816K, reserved 1048576K
}
Event: 28.733 GC heap before
{Heap before GC invocations=8 (full 1):
 PSYoungGen      total 72704K, used 3005K [0x00000000eb400000, 0x00000000f4200000, 0x0000000100000000)
  eden space 65536K, 0% used [0x00000000eb400000,0x00000000eb400000,0x00000000ef400000)
  from space 7168K, 41% used [0x00000000ef400000,0x00000000ef6ef700,0x00000000efb00000)
  to   space 7168K, 0% used [0x00000000f3b00000,0x00000000f3b00000,0x00000000f4200000)
 ParOldGen       total 44032K, used 11492K [0x00000000c1c00000, 0x00000000c4700000, 0x00000000eb400000)
  object space 44032K, 26% used [0x00000000c1c00000,0x00000000c2739368,0x00000000c4700000)
 Metaspace       used 20650K, capacity 21154K, committed 21248K, reserved 1067008K
  class space    used 2639K, capacity 2806K, committed 2816K, reserved 1048576K
Event: 29.303 GC heap after
Heap after GC invocations=8 (full 1):
 PSYoungGen      total 72704K, used 0K [0x00000000eb400000, 0x00000000f4200000, 0x0000000100000000)
  eden space 65536K, 0% used [0x00000000eb400000,0x00000000eb400000,0x00000000ef400000)
  from space 7168K, 0% used [0x00000000ef400000,0x00000000ef400000,0x00000000efb00000)
  to   space 7168K, 0% used [0x00000000f3b00000,0x00000000f3b00000,0x00000000f4200000)
 ParOldGen       total 30720K, used 5649K [0x00000000c1c00000, 0x00000000c3a00000, 0x00000000eb400000)
  object space 30720K, 18% used [0x00000000c1c00000,0x00000000c2184600,0x00000000c3a00000)
 Metaspace       used 20649K, capacity 21148K, committed 21248K, reserved 1067008K
  class space    used 2638K, capacity 2805K, committed 2816K, reserved 1048576K
}

