# JRE version: Java(TM) SE Runtime Environment (8.0_201-b09) (build 1.8.0_201-b09)
# Java VM: Java HotSpot(TM) 64-Bit Server VM (25.201-b09 mixed mode windows-amd64 compressed oops)
Heap:
 PSYoungGen      total 72192K, used 15037K [0x00000000eb400000, 0x00000000f4100000, 0x0000000100000000)
  eden space 65536K, 22% used [0x00000000eb400000,0x00000000ec2af658,0x00000000ef400000)
  from space 6656K, 0% used [0x00000000ef400000,0x00000000ef400000,0x00000000efa80000)
  to   space 6656K, 0% used [0x00000000f3a80000,0x00000000f3a80000,0x00000000f4100000)
 ParOldGen       total 33280K, used 6060K [0x00000000c1c00000, 0x00000000c3c80000, 0x00000000eb400000)
  object space 33280K, 18% used [0x00000000c1c00000,0x00000000c21eb2c0,0x00000000c3c80000)
 Metaspace       used 21892K, capacity 22424K, committed 22656K, reserved 1069056K
  class space    used 2758K, capacity 2919K, committed 2944K, reserved 1048576K
GC Heap History (10 events):
Event: 21.341 GC heap before
{Heap before GC invocations=4 (full 0):
 PSYoungGen      total 18944K, used 18939K [0x00000000eb400000, 0x00000000ed900000, 0x0000000100000000)
  eden space 16384K, 100% used [0x00000000eb400000,0x00000000ec400000,0x00000000ec400000)
  from space 2560K, 99% used [0x00000000ec400000,0x00000000ec67eea0,0x00000000ec680000)
  to   space 2560K, 0% used [0x00000000ed680000,0x00000000ed680000,0x00000000ed900000)
 ParOldGen       total 44032K, used 3971K [0x00000000c1c00000, 0x00000000c4700000, 0x00000000eb400000)
  object space 44032K, 9% used [0x00000000c1c00000,0x00000000c1fe0d10,0x00000000c4700000)
 Metaspace       used 14505K, capacity 14952K, committed 15104K, reserved 1062912K
  class space    used 1897K, capacity 2027K, committed 2048K, reserved 1048576K
Event: 21.374 GC heap after
Heap after GC invocations=4 (full 0):
 PSYoungGen      total 35328K, used 2546K [0x00000000eb400000, 0x00000000ed900000, 0x0000000100000000)
  eden space 32768K, 0% used [0x00000000eb400000,0x00000000eb400000,0x00000000ed400000)
  from space 2560K, 99% used [0x00000000ed680000,0x00000000ed8fc838,0x00000000ed900000)
  to   space 2560K, 0% used [0x00000000ed400000,0x00000000ed400000,0x00000000ed680000)
 ParOldGen       total 44032K, used 5925K [0x00000000c1c00000, 0x00000000c4700000, 0x00000000eb400000)
  object space 44032K, 13% used [0x00000000c1c00000,0x00000000c21c97c0,0x00000000c4700000)
 Metaspace       used 14505K, capacity 14952K, committed 15104K, reserved 1062912K
  class space    used 1897K, capacity 2027K, committed 2048K, reserved 1048576K
}
Event: 24.720 GC heap before
{Heap before GC invocations=5 (full 0):
 PSYoungGen      total 35328K, used 35296K [0x00000000eb400000, 0x00000000ed900000, 0x0000000100000000)
  eden space 32768K, 99% used [0x00000000eb400000,0x00000000ed3fba98,0x00000000ed400000)
  from space 2560K, 99% used [0x00000000ed680000,0x00000000ed8fc838,0x00000000ed900000)
  to   space 2560K, 0% used [0x00000000ed400000,0x00000000ed400000,0x00000000ed680000)
 ParOldGen       total 44032K, used 5925K [0x00000000c1c00000, 0x00000000c4700000, 0x00000000eb400000)
  object space 44032K, 13% used [0x00000000c1c00000,0x00000000c21c97c0,0x00000000c4700000)
 Metaspace       used 18764K, capacity 19262K, committed 19456K, reserved 1067008K
  class space    used 2380K, capacity 2520K, committed 2560K, reserved 1048576K
Event: 24.814 GC heap after
Heap after GC invocations=5 (full 0):
 PSYoungGen      total 35328K, used 2543K [0x00000000eb400000, 0x00000000f0100000, 0x0000000100000000)
  eden space 32768K, 0% used [0x00000000eb400000,0x00000000eb400000,0x00000000ed400000)
  from space 2560K, 99% used [0x00000000ed400000,0x00000000ed67bd78,0x00000000ed680000)
  to   space 6656K, 0% used [0x00000000efa80000,0x00000000efa80000,0x00000000f0100000)
 ParOldGen       total 44032K, used 9799K [0x00000000c1c00000, 0x00000000c4700000, 0x00000000eb400000)
  object space 44032K, 22% used [0x00000000c1c00000,0x00000000c2591f80,0x00000000c4700000)
 Metaspace       used 18764K, capacity 19262K, committed 19456K, reserved 1067008K
  class space    used 2380K, capacity 2520K, committed 2560K, reserved 1048576K
}
Event: 26.355 GC heap before
{Heap before GC invocations=6 (full 0):
 PSYoungGen      total 35328K, used 35311K [0x00000000eb400000, 0x00000000f0100000, 0x0000000100000000)
  eden space 32768K, 100% used [0x00000000eb400000,0x00000000ed400000,0x00000000ed400000)
  from space 2560K, 99% used [0x00000000ed400000,0x00000000ed67bd78,0x00000000ed680000)
  to   space 6656K, 0% used [0x00000000efa80000,0x00000000efa80000,0x00000000f0100000)
 ParOldGen       total 44032K, used 9799K [0x00000000c1c00000, 0x00000000c4700000, 0x00000000eb400000)
  object space 44032K, 22% used [0x00000000c1c00000,0x00000000c2591f80,0x00000000c4700000)
 Metaspace       used 19803K, capacity 20286K, committed 20608K, reserved 1067008K
  class space    used 2518K, capacity 2648K, committed 2688K, reserved 1048576K
Event: 26.597 GC heap after
Heap after GC invocations=6 (full 0):
 PSYoungGen      total 72192K, used 4179K [0x00000000eb400000, 0x00000000f0100000, 0x0000000100000000)
  eden space 65536K, 0% used [0x00000000eb400000,0x00000000eb400000,0x00000000ef400000)
  from space 6656K, 62% used [0x00000000efa80000,0x00000000efe94ff8,0x00000000f0100000)
  to   space 6656K, 0% used [0x00000000ef400000,0x00000000ef400000,0x00000000efa80000)
 ParOldGen       total 44032K, used 9807K [0x00000000c1c00000, 0x00000000c4700000, 0x00000000eb400000)
  object space 44032K, 22% used [0x00000000c1c00000,0x00000000c2593f80,0x00000000c4700000)
 Metaspace       used 19803K, capacity 20286K, committed 20608K, reserved 1067008K
  class space    used 2518K, capacity 2648K, committed 2688K, reserved 1048576K
}
Event: 29.306 GC heap before
{Heap before GC invocations=7 (full 0):
 PSYoungGen      total 72192K, used 15763K [0x00000000eb400000, 0x00000000f0100000, 0x0000000100000000)
  eden space 65536K, 17% used [0x00000000eb400000,0x00000000ebf4fe98,0x00000000ef400000)
  from space 6656K, 62% used [0x00000000efa80000,0x00000000efe94ff8,0x00000000f0100000)
  to   space 6656K, 0% used [0x00000000ef400000,0x00000000ef400000,0x00000000efa80000)
 ParOldGen       total 44032K, used 9807K [0x00000000c1c00000, 0x00000000c4700000, 0x00000000eb400000)
  object space 44032K, 22% used [0x00000000c1c00000,0x00000000c2593f80,0x00000000c4700000)
 Metaspace       used 20647K, capacity 21132K, committed 21248K, reserved 1067008K
  class space    used 2634K, capacity 2805K, committed 2816K, reserved 1048576K
Event: 29.496 GC heap after
Heap after GC invocations=7 (full 0):
 PSYoungGen      total 72192K, used 3181K [0x00000000eb400000, 0x00000000f4100000, 0x0000000100000000)
  eden space 65536K, 0% used [0x00000000eb400000,0x00000000eb400000,0x00000000ef400000)
  from space 6656K, 47% used [0x00000000ef400000,0x00000000ef71b4c0,0x00000000efa80000)
  to   space 6656K, 0% used [0x00000000f3a80000,0x00000000f3a80000,0x00000000f4100000)
 ParOldGen       total 44032K, used 11108K [0x00000000c1c00000, 0x00000000c4700000, 0x00000000eb400000)
  object space 44032K, 25% used [0x00000000c1c00000,0x00000000c26d9230,0x00000000c4700000)
 Metaspace       used 20647K, capacity 21132K, committed 21248K, reserved 1067008K
  class space    used 2634K, capacity 2805K, committed 2816K, reserved 1048576K
}
Event: 29.497 GC heap before
{Heap before GC invocations=8 (full 1):
 PSYoungGen      total 72192K, used 3181K [0x00000000eb400000, 0x00000000f4100000, 0x0000000100000000)
  eden space 65536K, 0% used [0x00000000eb400000,0x00000000eb400000,0x00000000ef400000)
  from space 6656K, 47% used [0x00000000ef400000,0x00000000ef71b4c0,0x00000000efa80000)
  to   space 6656K, 0% used [0x00000000f3a80000,0x00000000f3a80000,0x00000000f4100000)
 ParOldGen       total 44032K, used 11108K [0x00000000c1c00000, 0x00000000c4700000, 0x00000000eb400000)
  object space 44032K, 25% used [0x00000000c1c00000,0x00000000c26d9230,0x00000000c4700000)
 Metaspace       used 20647K, capacity 21132K, committed 21248K, reserved 1067008K
  class space    used 2634K, capacity 2805K, committed 2816K, reserved 1048576K
Event: 30.438 GC heap after
Heap after GC invocations=8 (full 1):
 PSYoungGen      total 72192K, used 0K [0x00000000eb400000, 0x00000000f4100000, 0x0000000100000000)
  eden space 65536K, 0% used [0x00000000eb400000,0x00000000eb400000,0x00000000ef400000)
  from space 6656K, 0% used [0x00000000ef400000,0x00000000ef400000,0x00000000efa80000)
  to   space 6656K, 0% used [0x00000000f3a80000,0x00000000f3a80000,0x00000000f4100000)
 ParOldGen       total 33280K, used 6060K [0x00000000c1c00000, 0x00000000c3c80000, 0x00000000eb400000)
  object space 33280K, 18% used [0x00000000c1c00000,0x00000000c21eb2c0,0x00000000c3c80000)
 Metaspace       used 20647K, capacity 21132K, committed 21248K, reserved 1067008K
  class space    used 2634K, capacity 2805K, committed 2816K, reserved 1048576K
}

