# JRE version: Java(TM) SE Runtime Environment (8.0_201-b09) (build 1.8.0_201-b09)
# Java VM: Java HotSpot(TM) 64-Bit Server VM (25.201-b09 mixed mode windows-amd64 compressed oops)
Heap:
 PSYoungGen      total 115712K, used 9916K [0x00000000eb400000, 0x00000000f4100000, 0x0000000100000000)
  eden space 109056K, 3% used [0x00000000eb400000,0x00000000eb732ab8,0x00000000f1e80000)
  from space 6656K, 99% used [0x00000000f3a80000,0x00000000f40fc6f0,0x00000000f4100000)
  to   space 8192K, 0% used [0x00000000f3100000,0x00000000f3100000,0x00000000f3900000)
 ParOldGen       total 31232K, used 6947K [0x00000000c1c00000, 0x00000000c3a80000, 0x00000000eb400000)
  object space 31232K, 22% used [0x00000000c1c00000,0x00000000c22c8e68,0x00000000c3a80000)
 Metaspace       used 24551K, capacity 25160K, committed 25344K, reserved 1071104K
  class space    used 3098K, capacity 3273K, committed 3328K, reserved 1048576K
GC Heap History (10 events):
Event: 2.725 GC heap before
{Heap before GC invocations=5 (full 0):
 PSYoungGen      total 35328K, used 35294K [0x00000000eb400000, 0x00000000ed900000, 0x0000000100000000)
  eden space 32768K, 99% used [0x00000000eb400000,0x00000000ed3ff318,0x00000000ed400000)
  from space 2560K, 98% used [0x00000000ed680000,0x00000000ed8f8828,0x00000000ed900000)
  to   space 2560K, 0% used [0x00000000ed400000,0x00000000ed400000,0x00000000ed680000)
 ParOldGen       total 44032K, used 6076K [0x00000000c1c00000, 0x00000000c4700000, 0x00000000eb400000)
  object space 44032K, 13% used [0x00000000c1c00000,0x00000000c21ef030,0x00000000c4700000)
 Metaspace       used 19049K, capacity 19502K, committed 19712K, reserved 1067008K
  class space    used 2412K, capacity 2552K, committed 2560K, reserved 1048576K
Event: 2.738 GC heap after
Heap after GC invocations=5 (full 0):
 PSYoungGen      total 35328K, used 2546K [0x00000000eb400000, 0x00000000f0200000, 0x0000000100000000)
  eden space 32768K, 0% used [0x00000000eb400000,0x00000000eb400000,0x00000000ed400000)
  from space 2560K, 99% used [0x00000000ed400000,0x00000000ed67c818,0x00000000ed680000)
  to   space 7168K, 0% used [0x00000000efb00000,0x00000000efb00000,0x00000000f0200000)
 ParOldGen       total 44032K, used 10242K [0x00000000c1c00000, 0x00000000c4700000, 0x00000000eb400000)
  object space 44032K, 23% used [0x00000000c1c00000,0x00000000c26008f0,0x00000000c4700000)
 Metaspace       used 19049K, capacity 19502K, committed 19712K, reserved 1067008K
  class space    used 2412K, capacity 2552K, committed 2560K, reserved 1048576K
}
Event: 2.892 GC heap before
{Heap before GC invocations=6 (full 0):
 PSYoungGen      total 35328K, used 35314K [0x00000000eb400000, 0x00000000f0200000, 0x0000000100000000)
  eden space 32768K, 100% used [0x00000000eb400000,0x00000000ed400000,0x00000000ed400000)
  from space 2560K, 99% used [0x00000000ed400000,0x00000000ed67c818,0x00000000ed680000)
  to   space 7168K, 0% used [0x00000000efb00000,0x00000000efb00000,0x00000000f0200000)
 ParOldGen       total 44032K, used 10242K [0x00000000c1c00000, 0x00000000c4700000, 0x00000000eb400000)
  object space 44032K, 23% used [0x00000000c1c00000,0x00000000c26008f0,0x00000000c4700000)
 Metaspace       used 19878K, capacity 20334K, committed 20608K, reserved 1067008K
  class space    used 2531K, capacity 2680K, committed 2688K, reserved 1048576K
Event: 2.909 GC heap after
Heap after GC invocations=6 (full 0):
 PSYoungGen      total 71680K, used 3890K [0x00000000eb400000, 0x00000000f0100000, 0x0000000100000000)
  eden space 65536K, 0% used [0x00000000eb400000,0x00000000eb400000,0x00000000ef400000)
  from space 6144K, 63% used [0x00000000efb00000,0x00000000efeccb60,0x00000000f0100000)
  to   space 6656K, 0% used [0x00000000ef400000,0x00000000ef400000,0x00000000efa80000)
 ParOldGen       total 44032K, used 10250K [0x00000000c1c00000, 0x00000000c4700000, 0x00000000eb400000)
  object space 44032K, 23% used [0x00000000c1c00000,0x00000000c26028f0,0x00000000c4700000)
 Metaspace       used 19878K, capacity 20334K, committed 20608K, reserved 1067008K
  class space    used 2531K, capacity 2680K, committed 2688K, reserved 1048576K
}
Event: 3.236 GC heap before
{Heap before GC invocations=7 (full 0):
 PSYoungGen      total 71680K, used 13663K [0x00000000eb400000, 0x00000000f0100000, 0x0000000100000000)
  eden space 65536K, 14% used [0x00000000eb400000,0x00000000ebd8b1a8,0x00000000ef400000)
  from space 6144K, 63% used [0x00000000efb00000,0x00000000efeccb60,0x00000000f0100000)
  to   space 6656K, 0% used [0x00000000ef400000,0x00000000ef400000,0x00000000efa80000)
 ParOldGen       total 44032K, used 10250K [0x00000000c1c00000, 0x00000000c4700000, 0x00000000eb400000)
  object space 44032K, 23% used [0x00000000c1c00000,0x00000000c26028f0,0x00000000c4700000)
 Metaspace       used 20645K, capacity 21144K, committed 21248K, reserved 1067008K
  class space    used 2636K, capacity 2805K, committed 2816K, reserved 1048576K
Event: 3.257 GC heap after
Heap after GC invocations=7 (full 0):
 PSYoungGen      total 72192K, used 2845K [0x00000000eb400000, 0x00000000f4100000, 0x0000000100000000)
  eden space 65536K, 0% used [0x00000000eb400000,0x00000000eb400000,0x00000000ef400000)
  from space 6656K, 42% used [0x00000000ef400000,0x00000000ef6c7700,0x00000000efa80000)
  to   space 6656K, 0% used [0x00000000f3a80000,0x00000000f3a80000,0x00000000f4100000)
 ParOldGen       total 44032K, used 11517K [0x00000000c1c00000, 0x00000000c4700000, 0x00000000eb400000)
  object space 44032K, 26% used [0x00000000c1c00000,0x00000000c273f560,0x00000000c4700000)
 Metaspace       used 20645K, capacity 21144K, committed 21248K, reserved 1067008K
  class space    used 2636K, capacity 2805K, committed 2816K, reserved 1048576K
}
Event: 3.258 GC heap before
{Heap before GC invocations=8 (full 1):
 PSYoungGen      total 72192K, used 2845K [0x00000000eb400000, 0x00000000f4100000, 0x0000000100000000)
  eden space 65536K, 0% used [0x00000000eb400000,0x00000000eb400000,0x00000000ef400000)
  from space 6656K, 42% used [0x00000000ef400000,0x00000000ef6c7700,0x00000000efa80000)
  to   space 6656K, 0% used [0x00000000f3a80000,0x00000000f3a80000,0x00000000f4100000)
 ParOldGen       total 44032K, used 11517K [0x00000000c1c00000, 0x00000000c4700000, 0x00000000eb400000)
  object space 44032K, 26% used [0x00000000c1c00000,0x00000000c273f560,0x00000000c4700000)
 Metaspace       used 20645K, capacity 21144K, committed 21248K, reserved 1067008K
  class space    used 2636K, capacity 2805K, committed 2816K, reserved 1048576K
Event: 3.320 GC heap after
Heap after GC invocations=8 (full 1):
 PSYoungGen      total 72192K, used 0K [0x00000000eb400000, 0x00000000f4100000, 0x0000000100000000)
  eden space 65536K, 0% used [0x00000000eb400000,0x00000000eb400000,0x00000000ef400000)
  from space 6656K, 0% used [0x00000000ef400000,0x00000000ef400000,0x00000000efa80000)
  to   space 6656K, 0% used [0x00000000f3a80000,0x00000000f3a80000,0x00000000f4100000)
 ParOldGen       total 31232K, used 5669K [0x00000000c1c00000, 0x00000000c3a80000, 0x00000000eb400000)
  object space 31232K, 18% used [0x00000000c1c00000,0x00000000c21897c0,0x00000000c3a80000)
 Metaspace       used 20645K, capacity 21144K, committed 21248K, reserved 1067008K
  class space    used 2636K, capacity 2805K, committed 2816K, reserved 1048576K
}
Event: 5.575 GC heap before
{Heap before GC invocations=9 (full 1):
 PSYoungGen      total 72192K, used 65536K [0x00000000eb400000, 0x00000000f4100000, 0x0000000100000000)
  eden space 65536K, 100% used [0x00000000eb400000,0x00000000ef400000,0x00000000ef400000)
  from space 6656K, 0% used [0x00000000ef400000,0x00000000ef400000,0x00000000efa80000)
  to   space 6656K, 0% used [0x00000000f3a80000,0x00000000f3a80000,0x00000000f4100000)
 ParOldGen       total 31232K, used 5669K [0x00000000c1c00000, 0x00000000c3a80000, 0x00000000eb400000)
  object space 31232K, 18% used [0x00000000c1c00000,0x00000000c21897c0,0x00000000c3a80000)
 Metaspace       used 24461K, capacity 25090K, committed 25344K, reserved 1071104K
  class space    used 3087K, capacity 3272K, committed 3328K, reserved 1048576K
Event: 5.603 GC heap after
Heap after GC invocations=9 (full 1):
 PSYoungGen      total 115712K, used 6641K [0x00000000eb400000, 0x00000000f4100000, 0x0000000100000000)
  eden space 109056K, 0% used [0x00000000eb400000,0x00000000eb400000,0x00000000f1e80000)
  from space 6656K, 99% used [0x00000000f3a80000,0x00000000f40fc6f0,0x00000000f4100000)
  to   space 8192K, 0% used [0x00000000f3100000,0x00000000f3100000,0x00000000f3900000)
 ParOldGen       total 31232K, used 6947K [0x00000000c1c00000, 0x00000000c3a80000, 0x00000000eb400000)
  object space 31232K, 22% used [0x00000000c1c00000,0x00000000c22c8e68,0x00000000c3a80000)
 Metaspace       used 24461K, capacity 25090K, committed 25344K, reserved 1071104K
  class space    used 3087K, capacity 3272K, committed 3328K, reserved 1048576K
}

