# JRE version: Java(TM) SE Runtime Environment (8.0_201-b09) (build 1.8.0_201-b09)
# Java VM: Java HotSpot(TM) 64-Bit Server VM (25.201-b09 mixed mode windows-amd64 compressed oops)
Heap:
 PSYoungGen      total 116224K, used 13107K [0x00000000eb400000, 0x00000000f4100000, 0x0000000100000000)
  eden space 109568K, 5% used [0x00000000eb400000,0x00000000eba531c0,0x00000000f1f00000)
  from space 6656K, 99% used [0x00000000f3a80000,0x00000000f40f9c38,0x00000000f4100000)
  to   space 8192K, 0% used [0x00000000f3100000,0x00000000f3100000,0x00000000f3900000)
 ParOldGen       total 31744K, used 7000K [0x00000000c1c00000, 0x00000000c3b00000, 0x00000000eb400000)
  object space 31744K, 22% used [0x00000000c1c00000,0x00000000c22d63f8,0x00000000c3b00000)
 Metaspace       used 24566K, capacity 25256K, committed 25344K, reserved 1071104K
  class space    used 3107K, capacity 3305K, committed 3328K, reserved 1048576K
GC Heap History (10 events):
Event: 3.464 GC heap before
{Heap before GC invocations=5 (full 0):
 PSYoungGen      total 35328K, used 35305K [0x00000000eb400000, 0x00000000ed900000, 0x0000000100000000)
  eden space 32768K, 99% used [0x00000000eb400000,0x00000000ed3fe4d0,0x00000000ed400000)
  from space 2560K, 99% used [0x00000000ed680000,0x00000000ed8fbfd8,0x00000000ed900000)
  to   space 2560K, 0% used [0x00000000ed400000,0x00000000ed400000,0x00000000ed680000)
 ParOldGen       total 44032K, used 6026K [0x00000000c1c00000, 0x00000000c4700000, 0x00000000eb400000)
  object space 44032K, 13% used [0x00000000c1c00000,0x00000000c21e2908,0x00000000c4700000)
 Metaspace       used 18958K, capacity 19438K, committed 19712K, reserved 1067008K
  class space    used 2409K, capacity 2552K, committed 2560K, reserved 1048576K
Event: 3.480 GC heap after
Heap after GC invocations=5 (full 0):
 PSYoungGen      total 35328K, used 2538K [0x00000000eb400000, 0x00000000f0200000, 0x0000000100000000)
  eden space 32768K, 0% used [0x00000000eb400000,0x00000000eb400000,0x00000000ed400000)
  from space 2560K, 99% used [0x00000000ed400000,0x00000000ed67a9e8,0x00000000ed680000)
  to   space 7168K, 0% used [0x00000000efb00000,0x00000000efb00000,0x00000000f0200000)
 ParOldGen       total 44032K, used 10194K [0x00000000c1c00000, 0x00000000c4700000, 0x00000000eb400000)
  object space 44032K, 23% used [0x00000000c1c00000,0x00000000c25f4a98,0x00000000c4700000)
 Metaspace       used 18958K, capacity 19438K, committed 19712K, reserved 1067008K
  class space    used 2409K, capacity 2552K, committed 2560K, reserved 1048576K
}
Event: 3.697 GC heap before
{Heap before GC invocations=6 (full 0):
 PSYoungGen      total 35328K, used 35306K [0x00000000eb400000, 0x00000000f0200000, 0x0000000100000000)
  eden space 32768K, 100% used [0x00000000eb400000,0x00000000ed400000,0x00000000ed400000)
  from space 2560K, 99% used [0x00000000ed400000,0x00000000ed67a9e8,0x00000000ed680000)
  to   space 7168K, 0% used [0x00000000efb00000,0x00000000efb00000,0x00000000f0200000)
 ParOldGen       total 44032K, used 10194K [0x00000000c1c00000, 0x00000000c4700000, 0x00000000eb400000)
  object space 44032K, 23% used [0x00000000c1c00000,0x00000000c25f4a98,0x00000000c4700000)
 Metaspace       used 19849K, capacity 20334K, committed 20608K, reserved 1067008K
  class space    used 2531K, capacity 2680K, committed 2688K, reserved 1048576K
Event: 3.708 GC heap after
Heap after GC invocations=6 (full 0):
 PSYoungGen      total 71680K, used 3951K [0x00000000eb400000, 0x00000000f0100000, 0x0000000100000000)
  eden space 65536K, 0% used [0x00000000eb400000,0x00000000eb400000,0x00000000ef400000)
  from space 6144K, 64% used [0x00000000efb00000,0x00000000efedbd10,0x00000000f0100000)
  to   space 6656K, 0% used [0x00000000ef400000,0x00000000ef400000,0x00000000efa80000)
 ParOldGen       total 44032K, used 10202K [0x00000000c1c00000, 0x00000000c4700000, 0x00000000eb400000)
  object space 44032K, 23% used [0x00000000c1c00000,0x00000000c25f6a98,0x00000000c4700000)
 Metaspace       used 19849K, capacity 20334K, committed 20608K, reserved 1067008K
  class space    used 2531K, capacity 2680K, committed 2688K, reserved 1048576K
}
Event: 4.001 GC heap before
{Heap before GC invocations=7 (full 0):
 PSYoungGen      total 71680K, used 13717K [0x00000000eb400000, 0x00000000f0100000, 0x0000000100000000)
  eden space 65536K, 14% used [0x00000000eb400000,0x00000000ebd899a0,0x00000000ef400000)
  from space 6144K, 64% used [0x00000000efb00000,0x00000000efedbd10,0x00000000f0100000)
  to   space 6656K, 0% used [0x00000000ef400000,0x00000000ef400000,0x00000000efa80000)
 ParOldGen       total 44032K, used 10202K [0x00000000c1c00000, 0x00000000c4700000, 0x00000000eb400000)
  object space 44032K, 23% used [0x00000000c1c00000,0x00000000c25f6a98,0x00000000c4700000)
 Metaspace       used 20657K, capacity 21144K, committed 21248K, reserved 1067008K
  class space    used 2644K, capacity 2805K, committed 2816K, reserved 1048576K
Event: 4.010 GC heap after
Heap after GC invocations=7 (full 0):
 PSYoungGen      total 72192K, used 3005K [0x00000000eb400000, 0x00000000f4100000, 0x0000000100000000)
  eden space 65536K, 0% used [0x00000000eb400000,0x00000000eb400000,0x00000000ef400000)
  from space 6656K, 45% used [0x00000000ef400000,0x00000000ef6ef700,0x00000000efa80000)
  to   space 6656K, 0% used [0x00000000f3a80000,0x00000000f3a80000,0x00000000f4100000)
 ParOldGen       total 44032K, used 11389K [0x00000000c1c00000, 0x00000000c4700000, 0x00000000eb400000)
  object space 44032K, 25% used [0x00000000c1c00000,0x00000000c271f7f8,0x00000000c4700000)
 Metaspace       used 20657K, capacity 21144K, committed 21248K, reserved 1067008K
  class space    used 2644K, capacity 2805K, committed 2816K, reserved 1048576K
}
Event: 4.010 GC heap before
{Heap before GC invocations=8 (full 1):
 PSYoungGen      total 72192K, used 3005K [0x00000000eb400000, 0x00000000f4100000, 0x0000000100000000)
  eden space 65536K, 0% used [0x00000000eb400000,0x00000000eb400000,0x00000000ef400000)
  from space 6656K, 45% used [0x00000000ef400000,0x00000000ef6ef700,0x00000000efa80000)
  to   space 6656K, 0% used [0x00000000f3a80000,0x00000000f3a80000,0x00000000f4100000)
 ParOldGen       total 44032K, used 11389K [0x00000000c1c00000, 0x00000000c4700000, 0x00000000eb400000)
  object space 44032K, 25% used [0x00000000c1c00000,0x00000000c271f7f8,0x00000000c4700000)
 Metaspace       used 20657K, capacity 21144K, committed 21248K, reserved 1067008K
  class space    used 2644K, capacity 2805K, committed 2816K, reserved 1048576K
Event: 4.058 GC heap after
Heap after GC invocations=8 (full 1):
 PSYoungGen      total 72192K, used 0K [0x00000000eb400000, 0x00000000f4100000, 0x0000000100000000)
  eden space 65536K, 0% used [0x00000000eb400000,0x00000000eb400000,0x00000000ef400000)
  from space 6656K, 0% used [0x00000000ef400000,0x00000000ef400000,0x00000000efa80000)
  to   space 6656K, 0% used [0x00000000f3a80000,0x00000000f3a80000,0x00000000f4100000)
 ParOldGen       total 31744K, used 5760K [0x00000000c1c00000, 0x00000000c3b00000, 0x00000000eb400000)
  object space 31744K, 18% used [0x00000000c1c00000,0x00000000c21a0078,0x00000000c3b00000)
 Metaspace       used 20657K, capacity 21144K, committed 21248K, reserved 1067008K
  class space    used 2644K, capacity 2805K, committed 2816K, reserved 1048576K
}
Event: 5.991 GC heap before
{Heap before GC invocations=9 (full 1):
 PSYoungGen      total 72192K, used 65536K [0x00000000eb400000, 0x00000000f4100000, 0x0000000100000000)
  eden space 65536K, 100% used [0x00000000eb400000,0x00000000ef400000,0x00000000ef400000)
  from space 6656K, 0% used [0x00000000ef400000,0x00000000ef400000,0x00000000efa80000)
  to   space 6656K, 0% used [0x00000000f3a80000,0x00000000f3a80000,0x00000000f4100000)
 ParOldGen       total 31744K, used 5760K [0x00000000c1c00000, 0x00000000c3b00000, 0x00000000eb400000)
  object space 31744K, 18% used [0x00000000c1c00000,0x00000000c21a0078,0x00000000c3b00000)
 Metaspace       used 24434K, capacity 25026K, committed 25088K, reserved 1071104K
  class space    used 3091K, capacity 3272K, committed 3328K, reserved 1048576K
Event: 6.012 GC heap after
Heap after GC invocations=9 (full 1):
 PSYoungGen      total 116224K, used 6631K [0x00000000eb400000, 0x00000000f4100000, 0x0000000100000000)
  eden space 109568K, 0% used [0x00000000eb400000,0x00000000eb400000,0x00000000f1f00000)
  from space 6656K, 99% used [0x00000000f3a80000,0x00000000f40f9c38,0x00000000f4100000)
  to   space 8192K, 0% used [0x00000000f3100000,0x00000000f3100000,0x00000000f3900000)
 ParOldGen       total 31744K, used 7000K [0x00000000c1c00000, 0x00000000c3b00000, 0x00000000eb400000)
  object space 31744K, 22% used [0x00000000c1c00000,0x00000000c22d63f8,0x00000000c3b00000)
 Metaspace       used 24434K, capacity 25026K, committed 25088K, reserved 1071104K
  class space    used 3091K, capacity 3272K, committed 3328K, reserved 1048576K
}

