# JRE version: Java(TM) SE Runtime Environment (8.0_201-b09) (build 1.8.0_201-b09)
# Java VM: Java HotSpot(TM) 64-Bit Server VM (25.201-b09 mixed mode windows-amd64 compressed oops)
Heap:
 PSYoungGen      total 44544K, used 17399K [0x00000000eb400000, 0x00000000eeb00000, 0x0000000100000000)
  eden space 38912K, 41% used [0x00000000eb400000,0x00000000ec3ada40,0x00000000eda00000)
  from space 5632K, 23% used [0x00000000ee000000,0x00000000ee150548,0x00000000ee580000)
  to   space 6144K, 0% used [0x00000000eda00000,0x00000000eda00000,0x00000000ee000000)
 ParOldGen       total 30208K, used 7166K [0x00000000c1c00000, 0x00000000c3980000, 0x00000000eb400000)
  object space 30208K, 23% used [0x00000000c1c00000,0x00000000c22ffa68,0x00000000c3980000)
 Metaspace       used 26627K, capacity 27368K, committed 27440K, reserved 1073152K
  class space    used 3434K, capacity 3601K, committed 3632K, reserved 1048576K
GC Heap History (10 events):
Event: 58.065 GC heap before
{Heap before GC invocations=7 (full 0):
 PSYoungGen      total 21504K, used 20243K [0x00000000eb400000, 0x00000000ede00000, 0x0000000100000000)
  eden space 16384K, 97% used [0x00000000eb400000,0x00000000ec393888,0x00000000ec400000)
  from space 5120K, 83% used [0x00000000ec900000,0x00000000ecd31480,0x00000000ece00000)
  to   space 5120K, 0% used [0x00000000ec400000,0x00000000ec400000,0x00000000ec900000)
 ParOldGen       total 44032K, used 6936K [0x00000000c1c00000, 0x00000000c4700000, 0x00000000eb400000)
  object space 44032K, 15% used [0x00000000c1c00000,0x00000000c22c6170,0x00000000c4700000)
 Metaspace       used 20737K, capacity 21218K, committed 21296K, reserved 1067008K
  class space    used 2705K, capacity 2830K, committed 2864K, reserved 1048576K
Event: 58.133 GC heap after
Heap after GC invocations=7 (full 0):
 PSYoungGen      total 21504K, used 3031K [0x00000000eb400000, 0x00000000ede00000, 0x0000000100000000)
  eden space 16384K, 0% used [0x00000000eb400000,0x00000000eb400000,0x00000000ec400000)
  from space 5120K, 59% used [0x00000000ec400000,0x00000000ec6f5c18,0x00000000ec900000)
  to   space 5120K, 0% used [0x00000000ed900000,0x00000000ed900000,0x00000000ede00000)
 ParOldGen       total 44032K, used 8481K [0x00000000c1c00000, 0x00000000c4700000, 0x00000000eb400000)
  object space 44032K, 19% used [0x00000000c1c00000,0x00000000c2448598,0x00000000c4700000)
 Metaspace       used 20737K, capacity 21218K, committed 21296K, reserved 1067008K
  class space    used 2705K, capacity 2830K, committed 2864K, reserved 1048576K
}
Event: 58.133 GC heap before
{Heap before GC invocations=8 (full 1):
 PSYoungGen      total 21504K, used 3031K [0x00000000eb400000, 0x00000000ede00000, 0x0000000100000000)
  eden space 16384K, 0% used [0x00000000eb400000,0x00000000eb400000,0x00000000ec400000)
  from space 5120K, 59% used [0x00000000ec400000,0x00000000ec6f5c18,0x00000000ec900000)
  to   space 5120K, 0% used [0x00000000ed900000,0x00000000ed900000,0x00000000ede00000)
 ParOldGen       total 44032K, used 8481K [0x00000000c1c00000, 0x00000000c4700000, 0x00000000eb400000)
  object space 44032K, 19% used [0x00000000c1c00000,0x00000000c2448598,0x00000000c4700000)
 Metaspace       used 20737K, capacity 21218K, committed 21296K, reserved 1067008K
  class space    used 2705K, capacity 2830K, committed 2864K, reserved 1048576K
Event: 58.565 GC heap after
Heap after GC invocations=8 (full 1):
 PSYoungGen      total 21504K, used 0K [0x00000000eb400000, 0x00000000ede00000, 0x0000000100000000)
  eden space 16384K, 0% used [0x00000000eb400000,0x00000000eb400000,0x00000000ec400000)
  from space 5120K, 0% used [0x00000000ec400000,0x00000000ec400000,0x00000000ec900000)
  to   space 5120K, 0% used [0x00000000ed900000,0x00000000ed900000,0x00000000ede00000)
 ParOldGen       total 30208K, used 6123K [0x00000000c1c00000, 0x00000000c3980000, 0x00000000eb400000)
  object space 30208K, 20% used [0x00000000c1c00000,0x00000000c21fac28,0x00000000c3980000)
 Metaspace       used 20737K, capacity 21218K, committed 21296K, reserved 1067008K
  class space    used 2705K, capacity 2830K, committed 2864K, reserved 1048576K
}
Event: 60.210 GC heap before
{Heap before GC invocations=9 (full 1):
 PSYoungGen      total 21504K, used 16384K [0x00000000eb400000, 0x00000000ede00000, 0x0000000100000000)
  eden space 16384K, 100% used [0x00000000eb400000,0x00000000ec400000,0x00000000ec400000)
  from space 5120K, 0% used [0x00000000ec400000,0x00000000ec400000,0x00000000ec900000)
  to   space 5120K, 0% used [0x00000000ed900000,0x00000000ed900000,0x00000000ede00000)
 ParOldGen       total 30208K, used 6135K [0x00000000c1c00000, 0x00000000c3980000, 0x00000000eb400000)
  object space 30208K, 20% used [0x00000000c1c00000,0x00000000c21fdc08,0x00000000c3980000)
 Metaspace       used 22143K, capacity 22720K, committed 22832K, reserved 1069056K
  class space    used 2895K, capacity 3045K, committed 3120K, reserved 1048576K
Event: 60.245 GC heap after
Heap after GC invocations=9 (full 1):
 PSYoungGen      total 30208K, used 1796K [0x00000000eb400000, 0x00000000edb00000, 0x0000000100000000)
  eden space 28160K, 0% used [0x00000000eb400000,0x00000000eb400000,0x00000000ecf80000)
  from space 2048K, 87% used [0x00000000ed900000,0x00000000edac12d8,0x00000000edb00000)
  to   space 5632K, 0% used [0x00000000ed000000,0x00000000ed000000,0x00000000ed580000)
 ParOldGen       total 30208K, used 6143K [0x00000000c1c00000, 0x00000000c3980000, 0x00000000eb400000)
  object space 30208K, 20% used [0x00000000c1c00000,0x00000000c21ffc08,0x00000000c3980000)
 Metaspace       used 22143K, capacity 22720K, committed 22832K, reserved 1069056K
  class space    used 2895K, capacity 3045K, committed 3120K, reserved 1048576K
}
Event: 64.403 GC heap before
{Heap before GC invocations=10 (full 1):
 PSYoungGen      total 30208K, used 29956K [0x00000000eb400000, 0x00000000edb00000, 0x0000000100000000)
  eden space 28160K, 100% used [0x00000000eb400000,0x00000000ecf80000,0x00000000ecf80000)
  from space 2048K, 87% used [0x00000000ed900000,0x00000000edac12d8,0x00000000edb00000)
  to   space 5632K, 0% used [0x00000000ed000000,0x00000000ed000000,0x00000000ed580000)
 ParOldGen       total 30208K, used 6156K [0x00000000c1c00000, 0x00000000c3980000, 0x00000000eb400000)
  object space 30208K, 20% used [0x00000000c1c00000,0x00000000c2203350,0x00000000c3980000)
 Metaspace       used 25210K, capacity 25866K, committed 26032K, reserved 1071104K
  class space    used 3223K, capacity 3400K, committed 3504K, reserved 1048576K
Event: 64.436 GC heap after
Heap after GC invocations=10 (full 1):
 PSYoungGen      total 34304K, used 4743K [0x00000000eb400000, 0x00000000ee580000, 0x0000000100000000)
  eden space 28672K, 0% used [0x00000000eb400000,0x00000000eb400000,0x00000000ed000000)
  from space 5632K, 84% used [0x00000000ed000000,0x00000000ed4a1ed8,0x00000000ed580000)
  to   space 5632K, 0% used [0x00000000ee000000,0x00000000ee000000,0x00000000ee580000)
 ParOldGen       total 30208K, used 6164K [0x00000000c1c00000, 0x00000000c3980000, 0x00000000eb400000)
  object space 30208K, 20% used [0x00000000c1c00000,0x00000000c2205350,0x00000000c3980000)
 Metaspace       used 25210K, capacity 25866K, committed 26032K, reserved 1071104K
  class space    used 3223K, capacity 3400K, committed 3504K, reserved 1048576K
}
Event: 64.509 GC heap before
{Heap before GC invocations=11 (full 1):
 PSYoungGen      total 34304K, used 33415K [0x00000000eb400000, 0x00000000ee580000, 0x0000000100000000)
  eden space 28672K, 100% used [0x00000000eb400000,0x00000000ed000000,0x00000000ed000000)
  from space 5632K, 84% used [0x00000000ed000000,0x00000000ed4a1ed8,0x00000000ed580000)
  to   space 5632K, 0% used [0x00000000ee000000,0x00000000ee000000,0x00000000ee580000)
 ParOldGen       total 30208K, used 6744K [0x00000000c1c00000, 0x00000000c3980000, 0x00000000eb400000)
  object space 30208K, 22% used [0x00000000c1c00000,0x00000000c2296328,0x00000000c3980000)
 Metaspace       used 25255K, capacity 25930K, committed 26288K, reserved 1073152K
  class space    used 3226K, capacity 3400K, committed 3504K, reserved 1048576K
Event: 64.524 GC heap after
Heap after GC invocations=11 (full 1):
 PSYoungGen      total 44544K, used 1345K [0x00000000eb400000, 0x00000000eeb00000, 0x0000000100000000)
  eden space 38912K, 0% used [0x00000000eb400000,0x00000000eb400000,0x00000000eda00000)
  from space 5632K, 23% used [0x00000000ee000000,0x00000000ee150548,0x00000000ee580000)
  to   space 6144K, 0% used [0x00000000eda00000,0x00000000eda00000,0x00000000ee000000)
 ParOldGen       total 30208K, used 7166K [0x00000000c1c00000, 0x00000000c3980000, 0x00000000eb400000)
  object space 30208K, 23% used [0x00000000c1c00000,0x00000000c22ffa68,0x00000000c3980000)
 Metaspace       used 25255K, capacity 25930K, committed 26288K, reserved 1073152K
  class space    used 3226K, capacity 3400K, committed 3504K, reserved 1048576K
}

