# JRE version: Java(TM) SE Runtime Environment (8.0_201-b09) (build 1.8.0_201-b09)
# Java VM: Java HotSpot(TM) 64-Bit Server VM (25.201-b09 mixed mode windows-amd64 compressed oops)
Heap:
 PSYoungGen      total 70656K, used 25122K [0x00000000eb400000, 0x00000000f0200000, 0x0000000100000000)
  eden space 64512K, 30% used [0x00000000eb400000,0x00000000ec761840,0x00000000ef300000)
  from space 6144K, 85% used [0x00000000efa00000,0x00000000eff27140,0x00000000f0000000)
  to   space 7168K, 0% used [0x00000000ef300000,0x00000000ef300000,0x00000000efa00000)
 ParOldGen       total 27648K, used 5868K [0x00000000c1c00000, 0x00000000c3700000, 0x00000000eb400000)
  object space 27648K, 21% used [0x00000000c1c00000,0x00000000c21bb068,0x00000000c3700000)
 Metaspace       used 26785K, capacity 27772K, committed 28032K, reserved 1073152K
  class space    used 3433K, capacity 3671K, committed 3712K, reserved 1048576K
GC Heap History (10 events):
Event: 10.549 GC heap before
{Heap before GC invocations=5 (full 0):
 PSYoungGen      total 35328K, used 35305K [0x00000000eb400000, 0x00000000ed900000, 0x0000000100000000)
  eden space 32768K, 100% used [0x00000000eb400000,0x00000000ed400000,0x00000000ed400000)
  from space 2560K, 99% used [0x00000000ed680000,0x00000000ed8fa6b8,0x00000000ed900000)
  to   space 2560K, 0% used [0x00000000ed400000,0x00000000ed400000,0x00000000ed680000)
 ParOldGen       total 44032K, used 4671K [0x00000000c1c00000, 0x00000000c4700000, 0x00000000eb400000)
  object space 44032K, 10% used [0x00000000c1c00000,0x00000000c208ff78,0x00000000c4700000)
 Metaspace       used 17555K, capacity 18054K, committed 18304K, reserved 1064960K
  class space    used 2242K, capacity 2374K, committed 2432K, reserved 1048576K
Event: 10.569 GC heap after
Heap after GC invocations=5 (full 0):
 PSYoungGen      total 35328K, used 2551K [0x00000000eb400000, 0x00000000f0000000, 0x0000000100000000)
  eden space 32768K, 0% used [0x00000000eb400000,0x00000000eb400000,0x00000000ed400000)
  from space 2560K, 99% used [0x00000000ed400000,0x00000000ed67ddb8,0x00000000ed680000)
  to   space 6144K, 0% used [0x00000000efa00000,0x00000000efa00000,0x00000000f0000000)
 ParOldGen       total 44032K, used 7960K [0x00000000c1c00000, 0x00000000c4700000, 0x00000000eb400000)
  object space 44032K, 18% used [0x00000000c1c00000,0x00000000c23c6338,0x00000000c4700000)
 Metaspace       used 17555K, capacity 18054K, committed 18304K, reserved 1064960K
  class space    used 2242K, capacity 2374K, committed 2432K, reserved 1048576K
}
Event: 11.396 GC heap before
{Heap before GC invocations=6 (full 0):
 PSYoungGen      total 35328K, used 35319K [0x00000000eb400000, 0x00000000f0000000, 0x0000000100000000)
  eden space 32768K, 100% used [0x00000000eb400000,0x00000000ed400000,0x00000000ed400000)
  from space 2560K, 99% used [0x00000000ed400000,0x00000000ed67ddb8,0x00000000ed680000)
  to   space 6144K, 0% used [0x00000000efa00000,0x00000000efa00000,0x00000000f0000000)
 ParOldGen       total 44032K, used 7960K [0x00000000c1c00000, 0x00000000c4700000, 0x00000000eb400000)
  object space 44032K, 18% used [0x00000000c1c00000,0x00000000c23c6338,0x00000000c4700000)
 Metaspace       used 20354K, capacity 20894K, committed 20992K, reserved 1067008K
  class space    used 2641K, capacity 2774K, committed 2816K, reserved 1048576K
Event: 11.413 GC heap after
Heap after GC invocations=6 (full 0):
 PSYoungGen      total 70656K, used 6125K [0x00000000eb400000, 0x00000000f0200000, 0x0000000100000000)
  eden space 64512K, 0% used [0x00000000eb400000,0x00000000eb400000,0x00000000ef300000)
  from space 6144K, 99% used [0x00000000efa00000,0x00000000efffb760,0x00000000f0000000)
  to   space 7168K, 0% used [0x00000000ef300000,0x00000000ef300000,0x00000000efa00000)
 ParOldGen       total 44032K, used 8022K [0x00000000c1c00000, 0x00000000c4700000, 0x00000000eb400000)
  object space 44032K, 18% used [0x00000000c1c00000,0x00000000c23d5a60,0x00000000c4700000)
 Metaspace       used 20354K, capacity 20894K, committed 20992K, reserved 1067008K
  class space    used 2641K, capacity 2774K, committed 2816K, reserved 1048576K
}
Event: 11.451 GC heap before
{Heap before GC invocations=7 (full 0):
 PSYoungGen      total 70656K, used 9401K [0x00000000eb400000, 0x00000000f0200000, 0x0000000100000000)
  eden space 64512K, 5% used [0x00000000eb400000,0x00000000eb733068,0x00000000ef300000)
  from space 6144K, 99% used [0x00000000efa00000,0x00000000efffb760,0x00000000f0000000)
  to   space 7168K, 0% used [0x00000000ef300000,0x00000000ef300000,0x00000000efa00000)
 ParOldGen       total 44032K, used 8022K [0x00000000c1c00000, 0x00000000c4700000, 0x00000000eb400000)
  object space 44032K, 18% used [0x00000000c1c00000,0x00000000c23d5a60,0x00000000c4700000)
 Metaspace       used 20662K, capacity 21190K, committed 21248K, reserved 1067008K
  class space    used 2676K, capacity 2808K, committed 2816K, reserved 1048576K
Event: 11.463 GC heap after
Heap after GC invocations=7 (full 0):
 PSYoungGen      total 71680K, used 3146K [0x00000000eb400000, 0x00000000f0200000, 0x0000000100000000)
  eden space 64512K, 0% used [0x00000000eb400000,0x00000000eb400000,0x00000000ef300000)
  from space 7168K, 43% used [0x00000000ef300000,0x00000000ef612888,0x00000000efa00000)
  to   space 6144K, 0% used [0x00000000efa00000,0x00000000efa00000,0x00000000f0000000)
 ParOldGen       total 44032K, used 9227K [0x00000000c1c00000, 0x00000000c4700000, 0x00000000eb400000)
  object space 44032K, 20% used [0x00000000c1c00000,0x00000000c2502e18,0x00000000c4700000)
 Metaspace       used 20662K, capacity 21190K, committed 21248K, reserved 1067008K
  class space    used 2676K, capacity 2808K, committed 2816K, reserved 1048576K
}
Event: 11.463 GC heap before
{Heap before GC invocations=8 (full 1):
 PSYoungGen      total 71680K, used 3146K [0x00000000eb400000, 0x00000000f0200000, 0x0000000100000000)
  eden space 64512K, 0% used [0x00000000eb400000,0x00000000eb400000,0x00000000ef300000)
  from space 7168K, 43% used [0x00000000ef300000,0x00000000ef612888,0x00000000efa00000)
  to   space 6144K, 0% used [0x00000000efa00000,0x00000000efa00000,0x00000000f0000000)
 ParOldGen       total 44032K, used 9227K [0x00000000c1c00000, 0x00000000c4700000, 0x00000000eb400000)
  object space 44032K, 20% used [0x00000000c1c00000,0x00000000c2502e18,0x00000000c4700000)
 Metaspace       used 20662K, capacity 21190K, committed 21248K, reserved 1067008K
  class space    used 2676K, capacity 2808K, committed 2816K, reserved 1048576K
Event: 11.562 GC heap after
Heap after GC invocations=8 (full 1):
 PSYoungGen      total 71680K, used 0K [0x00000000eb400000, 0x00000000f0200000, 0x0000000100000000)
  eden space 64512K, 0% used [0x00000000eb400000,0x00000000eb400000,0x00000000ef300000)
  from space 7168K, 0% used [0x00000000ef300000,0x00000000ef300000,0x00000000efa00000)
  to   space 6144K, 0% used [0x00000000efa00000,0x00000000efa00000,0x00000000f0000000)
 ParOldGen       total 27648K, used 5860K [0x00000000c1c00000, 0x00000000c3700000, 0x00000000eb400000)
  object space 27648K, 21% used [0x00000000c1c00000,0x00000000c21b9068,0x00000000c3700000)
 Metaspace       used 20662K, capacity 21190K, committed 21248K, reserved 1067008K
  class space    used 2676K, capacity 2808K, committed 2816K, reserved 1048576K
}
Event: 12.805 GC heap before
{Heap before GC invocations=9 (full 1):
 PSYoungGen      total 71680K, used 64512K [0x00000000eb400000, 0x00000000f0200000, 0x0000000100000000)
  eden space 64512K, 100% used [0x00000000eb400000,0x00000000ef300000,0x00000000ef300000)
  from space 7168K, 0% used [0x00000000ef300000,0x00000000ef300000,0x00000000efa00000)
  to   space 6144K, 0% used [0x00000000efa00000,0x00000000efa00000,0x00000000f0000000)
 ParOldGen       total 27648K, used 5860K [0x00000000c1c00000, 0x00000000c3700000, 0x00000000eb400000)
  object space 27648K, 21% used [0x00000000c1c00000,0x00000000c21b9068,0x00000000c3700000)
 Metaspace       used 24129K, capacity 24810K, committed 25088K, reserved 1071104K
  class space    used 3095K, capacity 3268K, committed 3328K, reserved 1048576K
Event: 12.814 GC heap after
Heap after GC invocations=9 (full 1):
 PSYoungGen      total 70656K, used 5276K [0x00000000eb400000, 0x00000000f0200000, 0x0000000100000000)
  eden space 64512K, 0% used [0x00000000eb400000,0x00000000eb400000,0x00000000ef300000)
  from space 6144K, 85% used [0x00000000efa00000,0x00000000eff27140,0x00000000f0000000)
  to   space 7168K, 0% used [0x00000000ef300000,0x00000000ef300000,0x00000000efa00000)
 ParOldGen       total 27648K, used 5868K [0x00000000c1c00000, 0x00000000c3700000, 0x00000000eb400000)
  object space 27648K, 21% used [0x00000000c1c00000,0x00000000c21bb068,0x00000000c3700000)
 Metaspace       used 24129K, capacity 24810K, committed 25088K, reserved 1071104K
  class space    used 3095K, capacity 3268K, committed 3328K, reserved 1048576K
}

