# JRE version: Java(TM) SE Runtime Environment (8.0_201-b09) (build 1.8.0_201-b09)
# Java VM: Java HotSpot(TM) 64-Bit Server VM (25.201-b09 mixed mode windows-amd64 compressed oops)
Heap:
 PSYoungGen      total 200192K, used 132274K [0x00000000eb400000, 0x00000000f8e80000, 0x0000000100000000)
  eden space 187392K, 63% used [0x00000000eb400000,0x00000000f28d7b78,0x00000000f6b00000)
  from space 12800K, 98% used [0x00000000f8200000,0x00000000f8e54d48,0x00000000f8e80000)
  to   space 17920K, 0% used [0x00000000f6b80000,0x00000000f6b80000,0x00000000f7d00000)
 ParOldGen       total 86528K, used 29950K [0x00000000c1c00000, 0x00000000c7080000, 0x00000000eb400000)
  object space 86528K, 34% used [0x00000000c1c00000,0x00000000c393f8f8,0x00000000c7080000)
 Metaspace       used 69183K, capacity 72419K, committed 72448K, reserved 1112064K
  class space    used 9417K, capacity 9969K, committed 9984K, reserved 1048576K
GC Heap History (10 events):
Event: 10.670 GC heap before
{Heap before GC invocations=13 (full 2):
 PSYoungGen      total 125952K, used 114176K [0x00000000eb400000, 0x00000000f4700000, 0x0000000100000000)
  eden space 114176K, 100% used [0x00000000eb400000,0x00000000f2380000,0x00000000f2380000)
  from space 11776K, 0% used [0x00000000f2f80000,0x00000000f2f80000,0x00000000f3b00000)
  to   space 12288K, 0% used [0x00000000f2380000,0x00000000f2380000,0x00000000f2f80000)
 ParOldGen       total 56320K, used 15341K [0x00000000c1c00000, 0x00000000c5300000, 0x00000000eb400000)
  object space 56320K, 27% used [0x00000000c1c00000,0x00000000c2afb6e0,0x00000000c5300000)
 Metaspace       used 41510K, capacity 43375K, committed 43648K, reserved 1087488K
  class space    used 5331K, capacity 5673K, committed 5760K, reserved 1048576K
Event: 10.685 GC heap after
Heap after GC invocations=13 (full 2):
 PSYoungGen      total 126464K, used 12257K [0x00000000eb400000, 0x00000000f6500000, 0x0000000100000000)
  eden space 114176K, 0% used [0x00000000eb400000,0x00000000eb400000,0x00000000f2380000)
  from space 12288K, 99% used [0x00000000f2380000,0x00000000f2f785f0,0x00000000f2f80000)
  to   space 13824K, 0% used [0x00000000f5780000,0x00000000f5780000,0x00000000f6500000)
 ParOldGen       total 56320K, used 15378K [0x00000000c1c00000, 0x00000000c5300000, 0x00000000eb400000)
  object space 56320K, 27% used [0x00000000c1c00000,0x00000000c2b04a48,0x00000000c5300000)
 Metaspace       used 41510K, capacity 43375K, committed 43648K, reserved 1087488K
  class space    used 5331K, capacity 5673K, committed 5760K, reserved 1048576K
}
Event: 14.505 GC heap before
{Heap before GC invocations=14 (full 2):
 PSYoungGen      total 126464K, used 126433K [0x00000000eb400000, 0x00000000f6500000, 0x0000000100000000)
  eden space 114176K, 100% used [0x00000000eb400000,0x00000000f2380000,0x00000000f2380000)
  from space 12288K, 99% used [0x00000000f2380000,0x00000000f2f785f0,0x00000000f2f80000)
  to   space 13824K, 0% used [0x00000000f5780000,0x00000000f5780000,0x00000000f6500000)
 ParOldGen       total 56320K, used 15378K [0x00000000c1c00000, 0x00000000c5300000, 0x00000000eb400000)
  object space 56320K, 27% used [0x00000000c1c00000,0x00000000c2b04a48,0x00000000c5300000)
 Metaspace       used 52045K, capacity 53991K, committed 54272K, reserved 1095680K
  class space    used 6970K, capacity 7355K, committed 7424K, reserved 1048576K
Event: 14.528 GC heap after
Heap after GC invocations=14 (full 2):
 PSYoungGen      total 163328K, used 13808K [0x00000000eb400000, 0x00000000f6900000, 0x0000000100000000)
  eden space 149504K, 0% used [0x00000000eb400000,0x00000000eb400000,0x00000000f4600000)
  from space 13824K, 99% used [0x00000000f5780000,0x00000000f64fc278,0x00000000f6500000)
  to   space 17920K, 0% used [0x00000000f4600000,0x00000000f4600000,0x00000000f5780000)
 ParOldGen       total 56320K, used 20419K [0x00000000c1c00000, 0x00000000c5300000, 0x00000000eb400000)
  object space 56320K, 36% used [0x00000000c1c00000,0x00000000c2ff0ce0,0x00000000c5300000)
 Metaspace       used 52045K, capacity 53991K, committed 54272K, reserved 1095680K
  class space    used 6970K, capacity 7355K, committed 7424K, reserved 1048576K
}
Event: 16.237 GC heap before
{Heap before GC invocations=15 (full 2):
 PSYoungGen      total 163328K, used 72804K [0x00000000eb400000, 0x00000000f6900000, 0x0000000100000000)
  eden space 149504K, 39% used [0x00000000eb400000,0x00000000eed9ceb8,0x00000000f4600000)
  from space 13824K, 99% used [0x00000000f5780000,0x00000000f64fc278,0x00000000f6500000)
  to   space 17920K, 0% used [0x00000000f4600000,0x00000000f4600000,0x00000000f5780000)
 ParOldGen       total 56320K, used 20419K [0x00000000c1c00000, 0x00000000c5300000, 0x00000000eb400000)
  object space 56320K, 36% used [0x00000000c1c00000,0x00000000c2ff0ce0,0x00000000c5300000)
 Metaspace       used 56798K, capacity 58825K, committed 59028K, reserved 1099776K
  class space    used 7732K, capacity 8110K, committed 8192K, reserved 1048576K
Event: 16.259 GC heap after
Heap after GC invocations=15 (full 2):
 PSYoungGen      total 167424K, used 5603K [0x00000000eb400000, 0x00000000f9300000, 0x0000000100000000)
  eden space 149504K, 0% used [0x00000000eb400000,0x00000000eb400000,0x00000000f4600000)
  from space 17920K, 31% used [0x00000000f4600000,0x00000000f4b78c60,0x00000000f5780000)
  to   space 17408K, 0% used [0x00000000f8200000,0x00000000f8200000,0x00000000f9300000)
 ParOldGen       total 56320K, used 30748K [0x00000000c1c00000, 0x00000000c5300000, 0x00000000eb400000)
  object space 56320K, 54% used [0x00000000c1c00000,0x00000000c3a07210,0x00000000c5300000)
 Metaspace       used 56798K, capacity 58825K, committed 59028K, reserved 1099776K
  class space    used 7732K, capacity 8110K, committed 8192K, reserved 1048576K
}
Event: 16.259 GC heap before
{Heap before GC invocations=16 (full 3):
 PSYoungGen      total 167424K, used 5603K [0x00000000eb400000, 0x00000000f9300000, 0x0000000100000000)
  eden space 149504K, 0% used [0x00000000eb400000,0x00000000eb400000,0x00000000f4600000)
  from space 17920K, 31% used [0x00000000f4600000,0x00000000f4b78c60,0x00000000f5780000)
  to   space 17408K, 0% used [0x00000000f8200000,0x00000000f8200000,0x00000000f9300000)
 ParOldGen       total 56320K, used 30748K [0x00000000c1c00000, 0x00000000c5300000, 0x00000000eb400000)
  object space 56320K, 54% used [0x00000000c1c00000,0x00000000c3a07210,0x00000000c5300000)
 Metaspace       used 56798K, capacity 58825K, committed 59028K, reserved 1099776K
  class space    used 7732K, capacity 8110K, committed 8192K, reserved 1048576K
Event: 16.605 GC heap after
Heap after GC invocations=16 (full 3):
 PSYoungGen      total 167424K, used 0K [0x00000000eb400000, 0x00000000f9300000, 0x0000000100000000)
  eden space 149504K, 0% used [0x00000000eb400000,0x00000000eb400000,0x00000000f4600000)
  from space 17920K, 0% used [0x00000000f4600000,0x00000000f4600000,0x00000000f5780000)
  to   space 17408K, 0% used [0x00000000f8200000,0x00000000f8200000,0x00000000f9300000)
 ParOldGen       total 86528K, used 29942K [0x00000000c1c00000, 0x00000000c7080000, 0x00000000eb400000)
  object space 86528K, 34% used [0x00000000c1c00000,0x00000000c393d8f8,0x00000000c7080000)
 Metaspace       used 56798K, capacity 58825K, committed 59028K, reserved 1099776K
  class space    used 7732K, capacity 8110K, committed 8192K, reserved 1048576K
}
Event: 22.091 GC heap before
{Heap before GC invocations=17 (full 3):
 PSYoungGen      total 167424K, used 149504K [0x00000000eb400000, 0x00000000f9300000, 0x0000000100000000)
  eden space 149504K, 100% used [0x00000000eb400000,0x00000000f4600000,0x00000000f4600000)
  from space 17920K, 0% used [0x00000000f4600000,0x00000000f4600000,0x00000000f5780000)
  to   space 17408K, 0% used [0x00000000f8200000,0x00000000f8200000,0x00000000f9300000)
 ParOldGen       total 86528K, used 29942K [0x00000000c1c00000, 0x00000000c7080000, 0x00000000eb400000)
  object space 86528K, 34% used [0x00000000c1c00000,0x00000000c393d8f8,0x00000000c7080000)
 Metaspace       used 64506K, capacity 67479K, committed 67584K, reserved 1107968K
  class space    used 8870K, capacity 9391K, committed 9472K, reserved 1048576K
Event: 22.209 GC heap after
Heap after GC invocations=17 (full 3):
 PSYoungGen      total 200192K, used 12627K [0x00000000eb400000, 0x00000000f8e80000, 0x0000000100000000)
  eden space 187392K, 0% used [0x00000000eb400000,0x00000000eb400000,0x00000000f6b00000)
  from space 12800K, 98% used [0x00000000f8200000,0x00000000f8e54d48,0x00000000f8e80000)
  to   space 17920K, 0% used [0x00000000f6b80000,0x00000000f6b80000,0x00000000f7d00000)
 ParOldGen       total 86528K, used 29950K [0x00000000c1c00000, 0x00000000c7080000, 0x00000000eb400000)
  object space 86528K, 34% used [0x00000000c1c00000,0x00000000c393f8f8,0x00000000c7080000)
 Metaspace       used 64506K, capacity 67479K, committed 67584K, reserved 1107968K
  class space    used 8870K, capacity 9391K, committed 9472K, reserved 1048576K
}

