# JRE version: Java(TM) SE Runtime Environment (8.0_201-b09) (build 1.8.0_201-b09)
# Java VM: Java HotSpot(TM) 64-Bit Server VM (25.201-b09 mixed mode windows-amd64 compressed oops)
Heap:
 PSYoungGen      total 124416K, used 74329K [0x00000000eb400000, 0x00000000f5780000, 0x0000000100000000)
  eden space 117760K, 57% used [0x00000000eb400000,0x00000000ef61bae8,0x00000000f2700000)
  from space 6656K, 99% used [0x00000000f2700000,0x00000000f2d7acc0,0x00000000f2d80000)
  to   space 8192K, 0% used [0x00000000f4f80000,0x00000000f4f80000,0x00000000f5780000)
 ParOldGen       total 40448K, used 16876K [0x00000000c1c00000, 0x00000000c4380000, 0x00000000eb400000)
  object space 40448K, 41% used [0x00000000c1c00000,0x00000000c2c7b088,0x00000000c4380000)
 Metaspace       used 51295K, capacity 53256K, committed 53504K, reserved 1095680K
  class space    used 7004K, capacity 7367K, committed 7424K, reserved 1048576K
GC Heap History (10 events):
Event: 53.549 GC heap before
{Heap before GC invocations=13 (full 1):
 PSYoungGen      total 56832K, used 56118K [0x00000000eb400000, 0x00000000f0c00000, 0x0000000100000000)
  eden space 51200K, 99% used [0x00000000eb400000,0x00000000ee5f97f8,0x00000000ee600000)
  from space 5632K, 87% used [0x00000000ee600000,0x00000000eead40b8,0x00000000eeb80000)
  to   space 5632K, 0% used [0x00000000f0680000,0x00000000f0680000,0x00000000f0c00000)
 ParOldGen       total 26112K, used 6522K [0x00000000c1c00000, 0x00000000c3580000, 0x00000000eb400000)
  object space 26112K, 24% used [0x00000000c1c00000,0x00000000c225eb78,0x00000000c3580000)
 Metaspace       used 30235K, capacity 31356K, committed 31616K, reserved 1077248K
  class space    used 3883K, capacity 4141K, committed 4224K, reserved 1048576K
Event: 53.598 GC heap after
Heap after GC invocations=13 (full 1):
 PSYoungGen      total 83456K, used 3838K [0x00000000eb400000, 0x00000000f0b80000, 0x0000000100000000)
  eden space 78336K, 0% used [0x00000000eb400000,0x00000000eb400000,0x00000000f0080000)
  from space 5120K, 74% used [0x00000000f0680000,0x00000000f0a3fb88,0x00000000f0b80000)
  to   space 5632K, 0% used [0x00000000f0080000,0x00000000f0080000,0x00000000f0600000)
 ParOldGen       total 26112K, used 8518K [0x00000000c1c00000, 0x00000000c3580000, 0x00000000eb400000)
  object space 26112K, 32% used [0x00000000c1c00000,0x00000000c24519a8,0x00000000c3580000)
 Metaspace       used 30235K, capacity 31356K, committed 31616K, reserved 1077248K
  class space    used 3883K, capacity 4141K, committed 4224K, reserved 1048576K
}
Event: 61.280 GC heap before
{Heap before GC invocations=14 (full 1):
 PSYoungGen      total 83456K, used 35379K [0x00000000eb400000, 0x00000000f0b80000, 0x0000000100000000)
  eden space 78336K, 40% used [0x00000000eb400000,0x00000000ed2cd390,0x00000000f0080000)
  from space 5120K, 74% used [0x00000000f0680000,0x00000000f0a3fb88,0x00000000f0b80000)
  to   space 5632K, 0% used [0x00000000f0080000,0x00000000f0080000,0x00000000f0600000)
 ParOldGen       total 26112K, used 8518K [0x00000000c1c00000, 0x00000000c3580000, 0x00000000eb400000)
  object space 26112K, 32% used [0x00000000c1c00000,0x00000000c24519a8,0x00000000c3580000)
 Metaspace       used 34129K, capacity 35326K, committed 35416K, reserved 1081344K
  class space    used 4285K, capacity 4552K, committed 4608K, reserved 1048576K
Event: 61.335 GC heap after
Heap after GC invocations=14 (full 1):
 PSYoungGen      total 83968K, used 4785K [0x00000000eb400000, 0x00000000f3400000, 0x0000000100000000)
  eden space 78336K, 0% used [0x00000000eb400000,0x00000000eb400000,0x00000000f0080000)
  from space 5632K, 84% used [0x00000000f0080000,0x00000000f052c708,0x00000000f0600000)
  to   space 6144K, 0% used [0x00000000f2e00000,0x00000000f2e00000,0x00000000f3400000)
 ParOldGen       total 26112K, used 10591K [0x00000000c1c00000, 0x00000000c3580000, 0x00000000eb400000)
  object space 26112K, 40% used [0x00000000c1c00000,0x00000000c2657d68,0x00000000c3580000)
 Metaspace       used 34129K, capacity 35326K, committed 35416K, reserved 1081344K
  class space    used 4285K, capacity 4552K, committed 4608K, reserved 1048576K
}
Event: 61.336 GC heap before
{Heap before GC invocations=15 (full 2):
 PSYoungGen      total 83968K, used 4785K [0x00000000eb400000, 0x00000000f3400000, 0x0000000100000000)
  eden space 78336K, 0% used [0x00000000eb400000,0x00000000eb400000,0x00000000f0080000)
  from space 5632K, 84% used [0x00000000f0080000,0x00000000f052c708,0x00000000f0600000)
  to   space 6144K, 0% used [0x00000000f2e00000,0x00000000f2e00000,0x00000000f3400000)
 ParOldGen       total 26112K, used 10591K [0x00000000c1c00000, 0x00000000c3580000, 0x00000000eb400000)
  object space 26112K, 40% used [0x00000000c1c00000,0x00000000c2657d68,0x00000000c3580000)
 Metaspace       used 34129K, capacity 35326K, committed 35416K, reserved 1081344K
  class space    used 4285K, capacity 4552K, committed 4608K, reserved 1048576K
Event: 61.767 GC heap after
Heap after GC invocations=15 (full 2):
 PSYoungGen      total 83968K, used 0K [0x00000000eb400000, 0x00000000f3400000, 0x0000000100000000)
  eden space 78336K, 0% used [0x00000000eb400000,0x00000000eb400000,0x00000000f0080000)
  from space 5632K, 0% used [0x00000000f0080000,0x00000000f0080000,0x00000000f0600000)
  to   space 6144K, 0% used [0x00000000f2e00000,0x00000000f2e00000,0x00000000f3400000)
 ParOldGen       total 40448K, used 14110K [0x00000000c1c00000, 0x00000000c4380000, 0x00000000eb400000)
  object space 40448K, 34% used [0x00000000c1c00000,0x00000000c29c7990,0x00000000c4380000)
 Metaspace       used 34129K, capacity 35326K, committed 35416K, reserved 1081344K
  class space    used 4285K, capacity 4552K, committed 4608K, reserved 1048576K
}
Event: 77.811 GC heap before
{Heap before GC invocations=16 (full 2):
 PSYoungGen      total 83968K, used 78336K [0x00000000eb400000, 0x00000000f3400000, 0x0000000100000000)
  eden space 78336K, 100% used [0x00000000eb400000,0x00000000f0080000,0x00000000f0080000)
  from space 5632K, 0% used [0x00000000f0080000,0x00000000f0080000,0x00000000f0600000)
  to   space 6144K, 0% used [0x00000000f2e00000,0x00000000f2e00000,0x00000000f3400000)
 ParOldGen       total 40448K, used 14110K [0x00000000c1c00000, 0x00000000c4380000, 0x00000000eb400000)
  object space 40448K, 34% used [0x00000000c1c00000,0x00000000c29c7990,0x00000000c4380000)
 Metaspace       used 40237K, capacity 41460K, committed 41856K, reserved 1085440K
  class space    used 5371K, capacity 5655K, committed 5760K, reserved 1048576K
Event: 77.902 GC heap after
Heap after GC invocations=16 (full 2):
 PSYoungGen      total 116224K, used 6136K [0x00000000eb400000, 0x00000000f3400000, 0x0000000100000000)
  eden space 110080K, 0% used [0x00000000eb400000,0x00000000eb400000,0x00000000f1f80000)
  from space 6144K, 99% used [0x00000000f2e00000,0x00000000f33fe1b8,0x00000000f3400000)
  to   space 6656K, 0% used [0x00000000f2700000,0x00000000f2700000,0x00000000f2d80000)
 ParOldGen       total 40448K, used 14499K [0x00000000c1c00000, 0x00000000c4380000, 0x00000000eb400000)
  object space 40448K, 35% used [0x00000000c1c00000,0x00000000c2a28ec8,0x00000000c4380000)
 Metaspace       used 40237K, capacity 41460K, committed 41856K, reserved 1085440K
  class space    used 5371K, capacity 5655K, committed 5760K, reserved 1048576K
}
Event: 92.283 GC heap before
{Heap before GC invocations=17 (full 2):
 PSYoungGen      total 116224K, used 116216K [0x00000000eb400000, 0x00000000f3400000, 0x0000000100000000)
  eden space 110080K, 100% used [0x00000000eb400000,0x00000000f1f80000,0x00000000f1f80000)
  from space 6144K, 99% used [0x00000000f2e00000,0x00000000f33fe1b8,0x00000000f3400000)
  to   space 6656K, 0% used [0x00000000f2700000,0x00000000f2700000,0x00000000f2d80000)
 ParOldGen       total 40448K, used 14499K [0x00000000c1c00000, 0x00000000c4380000, 0x00000000eb400000)
  object space 40448K, 35% used [0x00000000c1c00000,0x00000000c2a28ec8,0x00000000c4380000)
 Metaspace       used 46880K, capacity 48190K, committed 48512K, reserved 1091584K
  class space    used 6411K, capacity 6692K, committed 6784K, reserved 1048576K
Event: 92.314 GC heap after
Heap after GC invocations=17 (full 2):
 PSYoungGen      total 124416K, used 6635K [0x00000000eb400000, 0x00000000f5780000, 0x0000000100000000)
  eden space 117760K, 0% used [0x00000000eb400000,0x00000000eb400000,0x00000000f2700000)
  from space 6656K, 99% used [0x00000000f2700000,0x00000000f2d7acc0,0x00000000f2d80000)
  to   space 8192K, 0% used [0x00000000f4f80000,0x00000000f4f80000,0x00000000f5780000)
 ParOldGen       total 40448K, used 16876K [0x00000000c1c00000, 0x00000000c4380000, 0x00000000eb400000)
  object space 40448K, 41% used [0x00000000c1c00000,0x00000000c2c7b088,0x00000000c4380000)
 Metaspace       used 46880K, capacity 48190K, committed 48512K, reserved 1091584K
  class space    used 6411K, capacity 6692K, committed 6784K, reserved 1048576K
}

