# JRE version: Java(TM) SE Runtime Environment (8.0_201-b09) (build 1.8.0_201-b09)
# Java VM: Java HotSpot(TM) 64-Bit Server VM (25.201-b09 mixed mode windows-amd64 compressed oops)
Heap:
 PSYoungGen      total 70144K, used 12952K [0x00000000eb400000, 0x00000000f0100000, 0x0000000100000000)
  eden space 64512K, 11% used [0x00000000eb400000,0x00000000ebb45270,0x00000000ef300000)
  from space 5632K, 97% used [0x00000000ef980000,0x00000000efee1068,0x00000000eff00000)
  to   space 6656K, 0% used [0x00000000ef300000,0x00000000ef300000,0x00000000ef980000)
 ParOldGen       total 44032K, used 5433K [0x00000000c1c00000, 0x00000000c4700000, 0x00000000eb400000)
  object space 44032K, 12% used [0x00000000c1c00000,0x00000000c214e520,0x00000000c4700000)
 Metaspace       used 18709K, capacity 19454K, committed 19712K, reserved 1067008K
  class space    used 2352K, capacity 2543K, committed 2560K, reserved 1048576K
GC Heap History (10 events):
Event: 6.072 GC heap before
{Heap before GC invocations=2 (full 0):
 PSYoungGen      total 18944K, used 18877K [0x00000000eb400000, 0x00000000ec900000, 0x0000000100000000)
  eden space 16384K, 100% used [0x00000000eb400000,0x00000000ec400000,0x00000000ec400000)
  from space 2560K, 97% used [0x00000000ec400000,0x00000000ec66f600,0x00000000ec680000)
  to   space 2560K, 0% used [0x00000000ec680000,0x00000000ec680000,0x00000000ec900000)
 ParOldGen       total 44032K, used 8K [0x00000000c1c00000, 0x00000000c4700000, 0x00000000eb400000)
  object space 44032K, 0% used [0x00000000c1c00000,0x00000000c1c02000,0x00000000c4700000)
 Metaspace       used 7791K, capacity 7950K, committed 8192K, reserved 1056768K
  class space    used 933K, capacity 989K, committed 1024K, reserved 1048576K
Event: 6.242 GC heap after
Heap after GC invocations=2 (full 0):
 PSYoungGen      total 18944K, used 2533K [0x00000000eb400000, 0x00000000ed900000, 0x0000000100000000)
  eden space 16384K, 0% used [0x00000000eb400000,0x00000000eb400000,0x00000000ec400000)
  from space 2560K, 98% used [0x00000000ec680000,0x00000000ec8f97b0,0x00000000ec900000)
  to   space 2560K, 0% used [0x00000000ec400000,0x00000000ec400000,0x00000000ec680000)
 ParOldGen       total 44032K, used 522K [0x00000000c1c00000, 0x00000000c4700000, 0x00000000eb400000)
  object space 44032K, 1% used [0x00000000c1c00000,0x00000000c1c82a78,0x00000000c4700000)
 Metaspace       used 7791K, capacity 7950K, committed 8192K, reserved 1056768K
  class space    used 933K, capacity 989K, committed 1024K, reserved 1048576K
}
Event: 7.247 GC heap before
{Heap before GC invocations=3 (full 0):
 PSYoungGen      total 18944K, used 18917K [0x00000000eb400000, 0x00000000ed900000, 0x0000000100000000)
  eden space 16384K, 100% used [0x00000000eb400000,0x00000000ec400000,0x00000000ec400000)
  from space 2560K, 98% used [0x00000000ec680000,0x00000000ec8f97b0,0x00000000ec900000)
  to   space 2560K, 0% used [0x00000000ec400000,0x00000000ec400000,0x00000000ec680000)
 ParOldGen       total 44032K, used 522K [0x00000000c1c00000, 0x00000000c4700000, 0x00000000eb400000)
  object space 44032K, 1% used [0x00000000c1c00000,0x00000000c1c82a78,0x00000000c4700000)
 Metaspace       used 9715K, capacity 9878K, committed 9984K, reserved 1058816K
  class space    used 1205K, capacity 1271K, committed 1280K, reserved 1048576K
Event: 7.252 GC heap after
Heap after GC invocations=3 (full 0):
 PSYoungGen      total 18944K, used 2539K [0x00000000eb400000, 0x00000000ed900000, 0x0000000100000000)
  eden space 16384K, 0% used [0x00000000eb400000,0x00000000eb400000,0x00000000ec400000)
  from space 2560K, 99% used [0x00000000ec400000,0x00000000ec67afc0,0x00000000ec680000)
  to   space 2560K, 0% used [0x00000000ed680000,0x00000000ed680000,0x00000000ed900000)
 ParOldGen       total 44032K, used 1252K [0x00000000c1c00000, 0x00000000c4700000, 0x00000000eb400000)
  object space 44032K, 2% used [0x00000000c1c00000,0x00000000c1d39060,0x00000000c4700000)
 Metaspace       used 9715K, capacity 9878K, committed 9984K, reserved 1058816K
  class space    used 1205K, capacity 1271K, committed 1280K, reserved 1048576K
}
Event: 8.232 GC heap before
{Heap before GC invocations=4 (full 0):
 PSYoungGen      total 18944K, used 18923K [0x00000000eb400000, 0x00000000ed900000, 0x0000000100000000)
  eden space 16384K, 100% used [0x00000000eb400000,0x00000000ec400000,0x00000000ec400000)
  from space 2560K, 99% used [0x00000000ec400000,0x00000000ec67afc0,0x00000000ec680000)
  to   space 2560K, 0% used [0x00000000ed680000,0x00000000ed680000,0x00000000ed900000)
 ParOldGen       total 44032K, used 1252K [0x00000000c1c00000, 0x00000000c4700000, 0x00000000eb400000)
  object space 44032K, 2% used [0x00000000c1c00000,0x00000000c1d39060,0x00000000c4700000)
 Metaspace       used 11781K, capacity 12150K, committed 12416K, reserved 1060864K
  class space    used 1466K, capacity 1579K, committed 1664K, reserved 1048576K
Event: 8.253 GC heap after
Heap after GC invocations=4 (full 0):
 PSYoungGen      total 35328K, used 2539K [0x00000000eb400000, 0x00000000ed900000, 0x0000000100000000)
  eden space 32768K, 0% used [0x00000000eb400000,0x00000000eb400000,0x00000000ed400000)
  from space 2560K, 99% used [0x00000000ed680000,0x00000000ed8fafc0,0x00000000ed900000)
  to   space 2560K, 0% used [0x00000000ed400000,0x00000000ed400000,0x00000000ed680000)
 ParOldGen       total 44032K, used 2238K [0x00000000c1c00000, 0x00000000c4700000, 0x00000000eb400000)
  object space 44032K, 5% used [0x00000000c1c00000,0x00000000c1e2f838,0x00000000c4700000)
 Metaspace       used 11781K, capacity 12150K, committed 12416K, reserved 1060864K
  class space    used 1466K, capacity 1579K, committed 1664K, reserved 1048576K
}
Event: 9.467 GC heap before
{Heap before GC invocations=5 (full 0):
 PSYoungGen      total 35328K, used 35307K [0x00000000eb400000, 0x00000000ed900000, 0x0000000100000000)
  eden space 32768K, 100% used [0x00000000eb400000,0x00000000ed400000,0x00000000ed400000)
  from space 2560K, 99% used [0x00000000ed680000,0x00000000ed8fafc0,0x00000000ed900000)
  to   space 2560K, 0% used [0x00000000ed400000,0x00000000ed400000,0x00000000ed680000)
 ParOldGen       total 44032K, used 2238K [0x00000000c1c00000, 0x00000000c4700000, 0x00000000eb400000)
  object space 44032K, 5% used [0x00000000c1c00000,0x00000000c1e2f838,0x00000000c4700000)
 Metaspace       used 15154K, capacity 15636K, committed 15872K, reserved 1062912K
  class space    used 1904K, capacity 2044K, committed 2048K, reserved 1048576K
Event: 9.480 GC heap after
Heap after GC invocations=5 (full 0):
 PSYoungGen      total 35328K, used 2555K [0x00000000eb400000, 0x00000000eff00000, 0x0000000100000000)
  eden space 32768K, 0% used [0x00000000eb400000,0x00000000eb400000,0x00000000ed400000)
  from space 2560K, 99% used [0x00000000ed400000,0x00000000ed67efe0,0x00000000ed680000)
  to   space 5632K, 0% used [0x00000000ef980000,0x00000000ef980000,0x00000000eff00000)
 ParOldGen       total 44032K, used 5425K [0x00000000c1c00000, 0x00000000c4700000, 0x00000000eb400000)
  object space 44032K, 12% used [0x00000000c1c00000,0x00000000c214c520,0x00000000c4700000)
 Metaspace       used 15154K, capacity 15636K, committed 15872K, reserved 1062912K
  class space    used 1904K, capacity 2044K, committed 2048K, reserved 1048576K
}
Event: 13.621 GC heap before
{Heap before GC invocations=6 (full 0):
 PSYoungGen      total 35328K, used 35323K [0x00000000eb400000, 0x00000000eff00000, 0x0000000100000000)
  eden space 32768K, 100% used [0x00000000eb400000,0x00000000ed400000,0x00000000ed400000)
  from space 2560K, 99% used [0x00000000ed400000,0x00000000ed67efe0,0x00000000ed680000)
  to   space 5632K, 0% used [0x00000000ef980000,0x00000000ef980000,0x00000000eff00000)
 ParOldGen       total 44032K, used 5425K [0x00000000c1c00000, 0x00000000c4700000, 0x00000000eb400000)
  object space 44032K, 12% used [0x00000000c1c00000,0x00000000c214c520,0x00000000c4700000)
 Metaspace       used 17804K, capacity 18520K, committed 18560K, reserved 1064960K
  class space    used 2242K, capacity 2432K, committed 2432K, reserved 1048576K
Event: 13.668 GC heap after
Heap after GC invocations=6 (full 0):
 PSYoungGen      total 70144K, used 5508K [0x00000000eb400000, 0x00000000f0100000, 0x0000000100000000)
  eden space 64512K, 0% used [0x00000000eb400000,0x00000000eb400000,0x00000000ef300000)
  from space 5632K, 97% used [0x00000000ef980000,0x00000000efee1068,0x00000000eff00000)
  to   space 6656K, 0% used [0x00000000ef300000,0x00000000ef300000,0x00000000ef980000)
 ParOldGen       total 44032K, used 5433K [0x00000000c1c00000, 0x00000000c4700000, 0x00000000eb400000)
  object space 44032K, 12% used [0x00000000c1c00000,0x00000000c214e520,0x00000000c4700000)
 Metaspace       used 17804K, capacity 18520K, committed 18560K, reserved 1064960K
  class space    used 2242K, capacity 2432K, committed 2432K, reserved 1048576K
}

