# JRE version: Java(TM) SE Runtime Environment (8.0_201-b09) (build 1.8.0_201-b09)
# Java VM: Java HotSpot(TM) 64-Bit Server VM (25.201-b09 mixed mode windows-amd64 compressed oops)
Heap:
 PSYoungGen      total 161280K, used 24648K [0x00000000eb400000, 0x00000000f5f80000, 0x0000000100000000)
  eden space 147456K, 16% used [0x00000000eb400000,0x00000000ecc12348,0x00000000f4400000)
  from space 13824K, 0% used [0x00000000f5180000,0x00000000f5180000,0x00000000f5f00000)
  to   space 13824K, 0% used [0x00000000f4400000,0x00000000f4400000,0x00000000f5180000)
 ParOldGen       total 77312K, used 32269K [0x00000000c1c00000, 0x00000000c6780000, 0x00000000eb400000)
  object space 77312K, 41% used [0x00000000c1c00000,0x00000000c3b83550,0x00000000c6780000)
 Metaspace       used 58409K, capacity 60934K, committed 61272K, reserved 1101824K
  class space    used 7987K, capacity 8468K, committed 8576K, reserved 1048576K
GC Heap History (10 events):
Event: 64.979 GC heap before
{Heap before GC invocations=13 (full 2):
 PSYoungGen      total 86016K, used 7656K [0x00000000eb400000, 0x00000000f3400000, 0x0000000100000000)
  eden space 78336K, 0% used [0x00000000eb400000,0x00000000eb400000,0x00000000f0080000)
  from space 7680K, 99% used [0x00000000f0080000,0x00000000f07fa3d0,0x00000000f0800000)
  to   space 11776K, 0% used [0x00000000f2880000,0x00000000f2880000,0x00000000f3400000)
 ParOldGen       total 30208K, used 19819K [0x00000000c1c00000, 0x00000000c3980000, 0x00000000eb400000)
  object space 30208K, 65% used [0x00000000c1c00000,0x00000000c2f5ac58,0x00000000c3980000)
 Metaspace       used 33853K, capacity 35316K, committed 35416K, reserved 1079296K
  class space    used 4396K, capacity 4685K, committed 4736K, reserved 1048576K
Event: 65.235 GC heap after
Heap after GC invocations=13 (full 2):
 PSYoungGen      total 86016K, used 0K [0x00000000eb400000, 0x00000000f3400000, 0x0000000100000000)
  eden space 78336K, 0% used [0x00000000eb400000,0x00000000eb400000,0x00000000f0080000)
  from space 7680K, 0% used [0x00000000f0080000,0x00000000f0080000,0x00000000f0800000)
  to   space 11776K, 0% used [0x00000000f2880000,0x00000000f2880000,0x00000000f3400000)
 ParOldGen       total 56320K, used 21651K [0x00000000c1c00000, 0x00000000c5300000, 0x00000000eb400000)
  object space 56320K, 38% used [0x00000000c1c00000,0x00000000c3124ee0,0x00000000c5300000)
 Metaspace       used 33853K, capacity 35316K, committed 35416K, reserved 1079296K
  class space    used 4396K, capacity 4685K, committed 4736K, reserved 1048576K
}
Event: 72.622 GC heap before
{Heap before GC invocations=14 (full 2):
 PSYoungGen      total 86016K, used 78336K [0x00000000eb400000, 0x00000000f3400000, 0x0000000100000000)
  eden space 78336K, 100% used [0x00000000eb400000,0x00000000f0080000,0x00000000f0080000)
  from space 7680K, 0% used [0x00000000f0080000,0x00000000f0080000,0x00000000f0800000)
  to   space 11776K, 0% used [0x00000000f2880000,0x00000000f2880000,0x00000000f3400000)
 ParOldGen       total 56320K, used 21651K [0x00000000c1c00000, 0x00000000c5300000, 0x00000000eb400000)
  object space 56320K, 38% used [0x00000000c1c00000,0x00000000c3124ee0,0x00000000c5300000)
 Metaspace       used 37095K, capacity 38778K, committed 39000K, reserved 1083392K
  class space    used 4815K, capacity 5160K, committed 5248K, reserved 1048576K
Event: 72.649 GC heap after
Heap after GC invocations=14 (full 2):
 PSYoungGen      total 116224K, used 4323K [0x00000000eb400000, 0x00000000f3200000, 0x0000000100000000)
  eden space 106496K, 0% used [0x00000000eb400000,0x00000000eb400000,0x00000000f1c00000)
  from space 9728K, 44% used [0x00000000f2880000,0x00000000f2cb8f60,0x00000000f3200000)
  to   space 11264K, 0% used [0x00000000f1c00000,0x00000000f1c00000,0x00000000f2700000)
 ParOldGen       total 56320K, used 21659K [0x00000000c1c00000, 0x00000000c5300000, 0x00000000eb400000)
  object space 56320K, 38% used [0x00000000c1c00000,0x00000000c3126ee0,0x00000000c5300000)
 Metaspace       used 37095K, capacity 38778K, committed 39000K, reserved 1083392K
  class space    used 4815K, capacity 5160K, committed 5248K, reserved 1048576K
}
Event: 83.915 GC heap before
{Heap before GC invocations=15 (full 2):
 PSYoungGen      total 116224K, used 110819K [0x00000000eb400000, 0x00000000f3200000, 0x0000000100000000)
  eden space 106496K, 100% used [0x00000000eb400000,0x00000000f1c00000,0x00000000f1c00000)
  from space 9728K, 44% used [0x00000000f2880000,0x00000000f2cb8f60,0x00000000f3200000)
  to   space 11264K, 0% used [0x00000000f1c00000,0x00000000f1c00000,0x00000000f2700000)
 ParOldGen       total 56320K, used 21659K [0x00000000c1c00000, 0x00000000c5300000, 0x00000000eb400000)
  object space 56320K, 38% used [0x00000000c1c00000,0x00000000c3126ee0,0x00000000c5300000)
 Metaspace       used 48100K, capacity 49986K, committed 50392K, reserved 1093632K
  class space    used 6443K, capacity 6794K, committed 6912K, reserved 1048576K
Event: 84.107 GC heap after
Heap after GC invocations=15 (full 2):
 PSYoungGen      total 117760K, used 11254K [0x00000000eb400000, 0x00000000f5f00000, 0x0000000100000000)
  eden space 106496K, 0% used [0x00000000eb400000,0x00000000eb400000,0x00000000f1c00000)
  from space 11264K, 99% used [0x00000000f1c00000,0x00000000f26fd8e0,0x00000000f2700000)
  to   space 13824K, 0% used [0x00000000f5180000,0x00000000f5180000,0x00000000f5f00000)
 ParOldGen       total 56320K, used 24569K [0x00000000c1c00000, 0x00000000c5300000, 0x00000000eb400000)
  object space 56320K, 43% used [0x00000000c1c00000,0x00000000c33fe460,0x00000000c5300000)
 Metaspace       used 48100K, capacity 49986K, committed 50392K, reserved 1093632K
  class space    used 6443K, capacity 6794K, committed 6912K, reserved 1048576K
}
Event: 94.770 GC heap before
{Heap before GC invocations=16 (full 2):
 PSYoungGen      total 117760K, used 110609K [0x00000000eb400000, 0x00000000f5f00000, 0x0000000100000000)
  eden space 106496K, 93% used [0x00000000eb400000,0x00000000f1506ea0,0x00000000f1c00000)
  from space 11264K, 99% used [0x00000000f1c00000,0x00000000f26fd8e0,0x00000000f2700000)
  to   space 13824K, 0% used [0x00000000f5180000,0x00000000f5180000,0x00000000f5f00000)
 ParOldGen       total 56320K, used 24569K [0x00000000c1c00000, 0x00000000c5300000, 0x00000000eb400000)
  object space 56320K, 43% used [0x00000000c1c00000,0x00000000c33fe460,0x00000000c5300000)
 Metaspace       used 56722K, capacity 59002K, committed 59028K, reserved 1099776K
  class space    used 7733K, capacity 8170K, committed 8192K, reserved 1048576K
Event: 94.903 GC heap after
Heap after GC invocations=16 (full 2):
 PSYoungGen      total 161280K, used 8885K [0x00000000eb400000, 0x00000000f5f80000, 0x0000000100000000)
  eden space 147456K, 0% used [0x00000000eb400000,0x00000000eb400000,0x00000000f4400000)
  from space 13824K, 64% used [0x00000000f5180000,0x00000000f5a2d678,0x00000000f5f00000)
  to   space 13824K, 0% used [0x00000000f4400000,0x00000000f4400000,0x00000000f5180000)
 ParOldGen       total 56320K, used 28201K [0x00000000c1c00000, 0x00000000c5300000, 0x00000000eb400000)
  object space 56320K, 50% used [0x00000000c1c00000,0x00000000c378a630,0x00000000c5300000)
 Metaspace       used 56722K, capacity 59002K, committed 59028K, reserved 1099776K
  class space    used 7733K, capacity 8170K, committed 8192K, reserved 1048576K
}
Event: 94.903 GC heap before
{Heap before GC invocations=17 (full 3):
 PSYoungGen      total 161280K, used 8885K [0x00000000eb400000, 0x00000000f5f80000, 0x0000000100000000)
  eden space 147456K, 0% used [0x00000000eb400000,0x00000000eb400000,0x00000000f4400000)
  from space 13824K, 64% used [0x00000000f5180000,0x00000000f5a2d678,0x00000000f5f00000)
  to   space 13824K, 0% used [0x00000000f4400000,0x00000000f4400000,0x00000000f5180000)
 ParOldGen       total 56320K, used 28201K [0x00000000c1c00000, 0x00000000c5300000, 0x00000000eb400000)
  object space 56320K, 50% used [0x00000000c1c00000,0x00000000c378a630,0x00000000c5300000)
 Metaspace       used 56722K, capacity 59002K, committed 59028K, reserved 1099776K
  class space    used 7733K, capacity 8170K, committed 8192K, reserved 1048576K
Event: 96.070 GC heap after
Heap after GC invocations=17 (full 3):
 PSYoungGen      total 161280K, used 0K [0x00000000eb400000, 0x00000000f5f80000, 0x0000000100000000)
  eden space 147456K, 0% used [0x00000000eb400000,0x00000000eb400000,0x00000000f4400000)
  from space 13824K, 0% used [0x00000000f5180000,0x00000000f5180000,0x00000000f5f00000)
  to   space 13824K, 0% used [0x00000000f4400000,0x00000000f4400000,0x00000000f5180000)
 ParOldGen       total 77312K, used 32269K [0x00000000c1c00000, 0x00000000c6780000, 0x00000000eb400000)
  object space 77312K, 41% used [0x00000000c1c00000,0x00000000c3b83550,0x00000000c6780000)
 Metaspace       used 56722K, capacity 59002K, committed 59028K, reserved 1099776K
  class space    used 7733K, capacity 8170K, committed 8192K, reserved 1048576K
}

