# JRE version: Java(TM) SE Runtime Environment (8.0_201-b09) (build 1.8.0_201-b09)
# Java VM: Java HotSpot(TM) 64-Bit Server VM (25.201-b09 mixed mode windows-amd64 compressed oops)
Heap:
 PSYoungGen      total 71168K, used 14490K [0x00000000eb400000, 0x00000000f2080000, 0x0000000100000000)
  eden space 65536K, 13% used [0x00000000eb400000,0x00000000ebcd1d08,0x00000000ef400000)
  from space 5632K, 96% used [0x00000000ef400000,0x00000000ef954c28,0x00000000ef980000)
  to   space 6144K, 0% used [0x00000000f1a80000,0x00000000f1a80000,0x00000000f2080000)
 ParOldGen       total 27136K, used 5443K [0x00000000c1c00000, 0x00000000c3680000, 0x00000000eb400000)
  object space 27136K, 20% used [0x00000000c1c00000,0x00000000c2150c60,0x00000000c3680000)
 Metaspace       used 25885K, capacity 26636K, committed 26880K, reserved 1075200K
  class space    used 3306K, capacity 3497K, committed 3584K, reserved 1048576K
GC Heap History (10 events):
Event: 6.456 GC heap before
{Heap before GC invocations=6 (full 0):
 PSYoungGen      total 18944K, used 18928K [0x00000000eb400000, 0x00000000ede00000, 0x0000000100000000)
  eden space 16384K, 100% used [0x00000000eb400000,0x00000000ec400000,0x00000000ec400000)
  from space 2560K, 99% used [0x00000000ec400000,0x00000000ec67c030,0x00000000ec680000)
  to   space 5120K, 0% used [0x00000000ed900000,0x00000000ed900000,0x00000000ede00000)
 ParOldGen       total 44032K, used 6177K [0x00000000c1c00000, 0x00000000c4700000, 0x00000000eb400000)
  object space 44032K, 14% used [0x00000000c1c00000,0x00000000c2208728,0x00000000c4700000)
 Metaspace       used 17488K, capacity 17926K, committed 18048K, reserved 1064960K
  class space    used 2226K, capacity 2374K, committed 2432K, reserved 1048576K
Event: 6.466 GC heap after
Heap after GC invocations=6 (full 0):
 PSYoungGen      total 37888K, used 4334K [0x00000000eb400000, 0x00000000ede00000, 0x0000000100000000)
  eden space 32768K, 0% used [0x00000000eb400000,0x00000000eb400000,0x00000000ed400000)
  from space 5120K, 84% used [0x00000000ed900000,0x00000000edd3ba98,0x00000000ede00000)
  to   space 5120K, 0% used [0x00000000ed400000,0x00000000ed400000,0x00000000ed900000)
 ParOldGen       total 44032K, used 6185K [0x00000000c1c00000, 0x00000000c4700000, 0x00000000eb400000)
  object space 44032K, 14% used [0x00000000c1c00000,0x00000000c220a728,0x00000000c4700000)
 Metaspace       used 17488K, capacity 17926K, committed 18048K, reserved 1064960K
  class space    used 2226K, capacity 2374K, committed 2432K, reserved 1048576K
}
Event: 7.323 GC heap before
{Heap before GC invocations=7 (full 0):
 PSYoungGen      total 37888K, used 37102K [0x00000000eb400000, 0x00000000ede00000, 0x0000000100000000)
  eden space 32768K, 100% used [0x00000000eb400000,0x00000000ed400000,0x00000000ed400000)
  from space 5120K, 84% used [0x00000000ed900000,0x00000000edd3ba98,0x00000000ede00000)
  to   space 5120K, 0% used [0x00000000ed400000,0x00000000ed400000,0x00000000ed900000)
 ParOldGen       total 44032K, used 6185K [0x00000000c1c00000, 0x00000000c4700000, 0x00000000eb400000)
  object space 44032K, 14% used [0x00000000c1c00000,0x00000000c220a728,0x00000000c4700000)
 Metaspace       used 20462K, capacity 21004K, committed 21248K, reserved 1067008K
  class space    used 2638K, capacity 2771K, committed 2816K, reserved 1048576K
Event: 7.343 GC heap after
Heap after GC invocations=7 (full 0):
 PSYoungGen      total 37888K, used 5032K [0x00000000eb400000, 0x00000000eff00000, 0x0000000100000000)
  eden space 32768K, 0% used [0x00000000eb400000,0x00000000eb400000,0x00000000ed400000)
  from space 5120K, 98% used [0x00000000ed400000,0x00000000ed8ea010,0x00000000ed900000)
  to   space 5632K, 0% used [0x00000000ef980000,0x00000000ef980000,0x00000000eff00000)
 ParOldGen       total 44032K, used 7506K [0x00000000c1c00000, 0x00000000c4700000, 0x00000000eb400000)
  object space 44032K, 17% used [0x00000000c1c00000,0x00000000c2354b00,0x00000000c4700000)
 Metaspace       used 20462K, capacity 21004K, committed 21248K, reserved 1067008K
  class space    used 2638K, capacity 2771K, committed 2816K, reserved 1048576K
}
Event: 7.390 GC heap before
{Heap before GC invocations=8 (full 0):
 PSYoungGen      total 37888K, used 6919K [0x00000000eb400000, 0x00000000eff00000, 0x0000000100000000)
  eden space 32768K, 5% used [0x00000000eb400000,0x00000000eb5d7d28,0x00000000ed400000)
  from space 5120K, 98% used [0x00000000ed400000,0x00000000ed8ea010,0x00000000ed900000)
  to   space 5632K, 0% used [0x00000000ef980000,0x00000000ef980000,0x00000000eff00000)
 ParOldGen       total 44032K, used 7506K [0x00000000c1c00000, 0x00000000c4700000, 0x00000000eb400000)
  object space 44032K, 17% used [0x00000000c1c00000,0x00000000c2354b00,0x00000000c4700000)
 Metaspace       used 20724K, capacity 21240K, committed 21296K, reserved 1069056K
  class space    used 2655K, capacity 2805K, committed 2816K, reserved 1048576K
Event: 7.404 GC heap after
Heap after GC invocations=8 (full 0):
 PSYoungGen      total 71168K, used 2343K [0x00000000eb400000, 0x00000000eff00000, 0x0000000100000000)
  eden space 65536K, 0% used [0x00000000eb400000,0x00000000eb400000,0x00000000ef400000)
  from space 5632K, 41% used [0x00000000ef980000,0x00000000efbc9e78,0x00000000eff00000)
  to   space 5632K, 0% used [0x00000000ef400000,0x00000000ef400000,0x00000000ef980000)
 ParOldGen       total 44032K, used 8247K [0x00000000c1c00000, 0x00000000c4700000, 0x00000000eb400000)
  object space 44032K, 18% used [0x00000000c1c00000,0x00000000c240df78,0x00000000c4700000)
 Metaspace       used 20724K, capacity 21240K, committed 21296K, reserved 1069056K
  class space    used 2655K, capacity 2805K, committed 2816K, reserved 1048576K
}
Event: 7.404 GC heap before
{Heap before GC invocations=9 (full 1):
 PSYoungGen      total 71168K, used 2343K [0x00000000eb400000, 0x00000000eff00000, 0x0000000100000000)
  eden space 65536K, 0% used [0x00000000eb400000,0x00000000eb400000,0x00000000ef400000)
  from space 5632K, 41% used [0x00000000ef980000,0x00000000efbc9e78,0x00000000eff00000)
  to   space 5632K, 0% used [0x00000000ef400000,0x00000000ef400000,0x00000000ef980000)
 ParOldGen       total 44032K, used 8247K [0x00000000c1c00000, 0x00000000c4700000, 0x00000000eb400000)
  object space 44032K, 18% used [0x00000000c1c00000,0x00000000c240df78,0x00000000c4700000)
 Metaspace       used 20724K, capacity 21240K, committed 21296K, reserved 1069056K
  class space    used 2655K, capacity 2805K, committed 2816K, reserved 1048576K
Event: 7.496 GC heap after
Heap after GC invocations=9 (full 1):
 PSYoungGen      total 71168K, used 0K [0x00000000eb400000, 0x00000000eff00000, 0x0000000100000000)
  eden space 65536K, 0% used [0x00000000eb400000,0x00000000eb400000,0x00000000ef400000)
  from space 5632K, 0% used [0x00000000ef980000,0x00000000ef980000,0x00000000eff00000)
  to   space 5632K, 0% used [0x00000000ef400000,0x00000000ef400000,0x00000000ef980000)
 ParOldGen       total 27136K, used 5435K [0x00000000c1c00000, 0x00000000c3680000, 0x00000000eb400000)
  object space 27136K, 20% used [0x00000000c1c00000,0x00000000c214ec60,0x00000000c3680000)
 Metaspace       used 20724K, capacity 21240K, committed 21296K, reserved 1069056K
  class space    used 2655K, capacity 2805K, committed 2816K, reserved 1048576K
}
Event: 8.639 GC heap before
{Heap before GC invocations=10 (full 1):
 PSYoungGen      total 71168K, used 65536K [0x00000000eb400000, 0x00000000eff00000, 0x0000000100000000)
  eden space 65536K, 100% used [0x00000000eb400000,0x00000000ef400000,0x00000000ef400000)
  from space 5632K, 0% used [0x00000000ef980000,0x00000000ef980000,0x00000000eff00000)
  to   space 5632K, 0% used [0x00000000ef400000,0x00000000ef400000,0x00000000ef980000)
 ParOldGen       total 27136K, used 5435K [0x00000000c1c00000, 0x00000000c3680000, 0x00000000eb400000)
  object space 27136K, 20% used [0x00000000c1c00000,0x00000000c214ec60,0x00000000c3680000)
 Metaspace       used 24137K, capacity 24816K, committed 25088K, reserved 1071104K
  class space    used 3088K, capacity 3283K, committed 3328K, reserved 1048576K
Event: 8.707 GC heap after
Heap after GC invocations=10 (full 1):
 PSYoungGen      total 71168K, used 5459K [0x00000000eb400000, 0x00000000f2080000, 0x0000000100000000)
  eden space 65536K, 0% used [0x00000000eb400000,0x00000000eb400000,0x00000000ef400000)
  from space 5632K, 96% used [0x00000000ef400000,0x00000000ef954c28,0x00000000ef980000)
  to   space 6144K, 0% used [0x00000000f1a80000,0x00000000f1a80000,0x00000000f2080000)
 ParOldGen       total 27136K, used 5443K [0x00000000c1c00000, 0x00000000c3680000, 0x00000000eb400000)
  object space 27136K, 20% used [0x00000000c1c00000,0x00000000c2150c60,0x00000000c3680000)
 Metaspace       used 24137K, capacity 24816K, committed 25088K, reserved 1071104K
  class space    used 3088K, capacity 3283K, committed 3328K, reserved 1048576K
}

